This is pdfTeX, Version 3.14159265-2.6-1.40.17 (TeX Live 2016) (preloaded format=pdflatex 2017.2.17)  13 APR 2017 12:37
entering extended mode
 restricted \write18 enabled.
 %&-line parsing enabled.
**TechnicalReport2.tex
(./TechnicalReport2.tex
LaTeX2e <2016/03/31>
Babel <3.9r> and hyphenation patterns for 3 language(s) loaded.
(/usr/share/texlive/texmf-dist/tex/latex/base/article.cls
Document Class: article 2014/09/29 v1.4h Standard LaTeX document class
(/usr/share/texlive/texmf-dist/tex/latex/base/size10.clo
File: size10.clo 2014/09/29 v1.4h Standard LaTeX file (size option)
)
\c@part=\count79
\c@section=\count80
\c@subsection=\count81
\c@subsubsection=\count82
\c@paragraph=\count83
\c@subparagraph=\count84
\c@figure=\count85
\c@table=\count86
\abovecaptionskip=\skip41
\belowcaptionskip=\skip42
\bibindent=\dimen102
)
(/usr/share/texlive/texmf-dist/tex/latex/base/inputenc.sty
Package: inputenc 2015/03/17 v1.2c Input encoding file
\inpenc@prehook=\toks14
\inpenc@posthook=\toks15

(/usr/share/texlive/texmf-dist/tex/latex/base/utf8.def
File: utf8.def 2016/02/28 v1.1s UTF-8 support for inputenc
Now handling font encoding OML ...
... no UTF-8 mapping file for font encoding OML
Now handling font encoding T1 ...
... processing UTF-8 mapping file for font encoding T1

(/usr/share/texlive/texmf-dist/tex/latex/base/t1enc.dfu
File: t1enc.dfu 2016/02/28 v1.1s UTF-8 support for inputenc
   defining Unicode char U+00A0 (decimal 160)
   defining Unicode char U+00A1 (decimal 161)
   defining Unicode char U+00A3 (decimal 163)
   defining Unicode char U+00AB (decimal 171)
   defining Unicode char U+00AD (decimal 173)
   defining Unicode char U+00BB (decimal 187)
   defining Unicode char U+00BF (decimal 191)
   defining Unicode char U+00C0 (decimal 192)
   defining Unicode char U+00C1 (decimal 193)
   defining Unicode char U+00C2 (decimal 194)
   defining Unicode char U+00C3 (decimal 195)
   defining Unicode char U+00C4 (decimal 196)
   defining Unicode char U+00C5 (decimal 197)
   defining Unicode char U+00C6 (decimal 198)
   defining Unicode char U+00C7 (decimal 199)
   defining Unicode char U+00C8 (decimal 200)
   defining Unicode char U+00C9 (decimal 201)
   defining Unicode char U+00CA (decimal 202)
   defining Unicode char U+00CB (decimal 203)
   defining Unicode char U+00CC (decimal 204)
   defining Unicode char U+00CD (decimal 205)
   defining Unicode char U+00CE (decimal 206)
   defining Unicode char U+00CF (decimal 207)
   defining Unicode char U+00D0 (decimal 208)
   defining Unicode char U+00D1 (decimal 209)
   defining Unicode char U+00D2 (decimal 210)
   defining Unicode char U+00D3 (decimal 211)
   defining Unicode char U+00D4 (decimal 212)
   defining Unicode char U+00D5 (decimal 213)
   defining Unicode char U+00D6 (decimal 214)
   defining Unicode char U+00D8 (decimal 216)
   defining Unicode char U+00D9 (decimal 217)
   defining Unicode char U+00DA (decimal 218)
   defining Unicode char U+00DB (decimal 219)
   defining Unicode char U+00DC (decimal 220)
   defining Unicode char U+00DD (decimal 221)
   defining Unicode char U+00DE (decimal 222)
   defining Unicode char U+00DF (decimal 223)
   defining Unicode char U+00E0 (decimal 224)
   defining Unicode char U+00E1 (decimal 225)
   defining Unicode char U+00E2 (decimal 226)
   defining Unicode char U+00E3 (decimal 227)
   defining Unicode char U+00E4 (decimal 228)
   defining Unicode char U+00E5 (decimal 229)
   defining Unicode char U+00E6 (decimal 230)
   defining Unicode char U+00E7 (decimal 231)
   defining Unicode char U+00E8 (decimal 232)
   defining Unicode char U+00E9 (decimal 233)
   defining Unicode char U+00EA (decimal 234)
   defining Unicode char U+00EB (decimal 235)
   defining Unicode char U+00EC (decimal 236)
   defining Unicode char U+00ED (decimal 237)
   defining Unicode char U+00EE (decimal 238)
   defining Unicode char U+00EF (decimal 239)
   defining Unicode char U+00F0 (decimal 240)
   defining Unicode char U+00F1 (decimal 241)
   defining Unicode char U+00F2 (decimal 242)
   defining Unicode char U+00F3 (decimal 243)
   defining Unicode char U+00F4 (decimal 244)
   defining Unicode char U+00F5 (decimal 245)
   defining Unicode char U+00F6 (decimal 246)
   defining Unicode char U+00F8 (decimal 248)
   defining Unicode char U+00F9 (decimal 249)
   defining Unicode char U+00FA (decimal 250)
   defining Unicode char U+00FB (decimal 251)
   defining Unicode char U+00FC (decimal 252)
   defining Unicode char U+00FD (decimal 253)
   defining Unicode char U+00FE (decimal 254)
   defining Unicode char U+00FF (decimal 255)
   defining Unicode char U+0100 (decimal 256)
   defining Unicode char U+0101 (decimal 257)
   defining Unicode char U+0102 (decimal 258)
   defining Unicode char U+0103 (decimal 259)
   defining Unicode char U+0104 (decimal 260)
   defining Unicode char U+0105 (decimal 261)
   defining Unicode char U+0106 (decimal 262)
   defining Unicode char U+0107 (decimal 263)
   defining Unicode char U+0108 (decimal 264)
   defining Unicode char U+0109 (decimal 265)
   defining Unicode char U+010A (decimal 266)
   defining Unicode char U+010B (decimal 267)
   defining Unicode char U+010C (decimal 268)
   defining Unicode char U+010D (decimal 269)
   defining Unicode char U+010E (decimal 270)
   defining Unicode char U+010F (decimal 271)
   defining Unicode char U+0110 (decimal 272)
   defining Unicode char U+0111 (decimal 273)
   defining Unicode char U+0112 (decimal 274)
   defining Unicode char U+0113 (decimal 275)
   defining Unicode char U+0114 (decimal 276)
   defining Unicode char U+0115 (decimal 277)
   defining Unicode char U+0116 (decimal 278)
   defining Unicode char U+0117 (decimal 279)
   defining Unicode char U+0118 (decimal 280)
   defining Unicode char U+0119 (decimal 281)
   defining Unicode char U+011A (decimal 282)
   defining Unicode char U+011B (decimal 283)
   defining Unicode char U+011C (decimal 284)
   defining Unicode char U+011D (decimal 285)
   defining Unicode char U+011E (decimal 286)
   defining Unicode char U+011F (decimal 287)
   defining Unicode char U+0120 (decimal 288)
   defining Unicode char U+0121 (decimal 289)
   defining Unicode char U+0122 (decimal 290)
   defining Unicode char U+0123 (decimal 291)
   defining Unicode char U+0124 (decimal 292)
   defining Unicode char U+0125 (decimal 293)
   defining Unicode char U+0128 (decimal 296)
   defining Unicode char U+0129 (decimal 297)
   defining Unicode char U+012A (decimal 298)
   defining Unicode char U+012B (decimal 299)
   defining Unicode char U+012C (decimal 300)
   defining Unicode char U+012D (decimal 301)
   defining Unicode char U+012E (decimal 302)
   defining Unicode char U+012F (decimal 303)
   defining Unicode char U+0130 (decimal 304)
   defining Unicode char U+0131 (decimal 305)
   defining Unicode char U+0132 (decimal 306)
   defining Unicode char U+0133 (decimal 307)
   defining Unicode char U+0134 (decimal 308)
   defining Unicode char U+0135 (decimal 309)
   defining Unicode char U+0136 (decimal 310)
   defining Unicode char U+0137 (decimal 311)
   defining Unicode char U+0139 (decimal 313)
   defining Unicode char U+013A (decimal 314)
   defining Unicode char U+013B (decimal 315)
   defining Unicode char U+013C (decimal 316)
   defining Unicode char U+013D (decimal 317)
   defining Unicode char U+013E (decimal 318)
   defining Unicode char U+0141 (decimal 321)
   defining Unicode char U+0142 (decimal 322)
   defining Unicode char U+0143 (decimal 323)
   defining Unicode char U+0144 (decimal 324)
   defining Unicode char U+0145 (decimal 325)
   defining Unicode char U+0146 (decimal 326)
   defining Unicode char U+0147 (decimal 327)
   defining Unicode char U+0148 (decimal 328)
   defining Unicode char U+014A (decimal 330)
   defining Unicode char U+014B (decimal 331)
   defining Unicode char U+014C (decimal 332)
   defining Unicode char U+014D (decimal 333)
   defining Unicode char U+014E (decimal 334)
   defining Unicode char U+014F (decimal 335)
   defining Unicode char U+0150 (decimal 336)
   defining Unicode char U+0151 (decimal 337)
   defining Unicode char U+0152 (decimal 338)
   defining Unicode char U+0153 (decimal 339)
   defining Unicode char U+0154 (decimal 340)
   defining Unicode char U+0155 (decimal 341)
   defining Unicode char U+0156 (decimal 342)
   defining Unicode char U+0157 (decimal 343)
   defining Unicode char U+0158 (decimal 344)
   defining Unicode char U+0159 (decimal 345)
   defining Unicode char U+015A (decimal 346)
   defining Unicode char U+015B (decimal 347)
   defining Unicode char U+015C (decimal 348)
   defining Unicode char U+015D (decimal 349)
   defining Unicode char U+015E (decimal 350)
   defining Unicode char U+015F (decimal 351)
   defining Unicode char U+0160 (decimal 352)
   defining Unicode char U+0161 (decimal 353)
   defining Unicode char U+0162 (decimal 354)
   defining Unicode char U+0163 (decimal 355)
   defining Unicode char U+0164 (decimal 356)
   defining Unicode char U+0165 (decimal 357)
   defining Unicode char U+0168 (decimal 360)
   defining Unicode char U+0169 (decimal 361)
   defining Unicode char U+016A (decimal 362)
   defining Unicode char U+016B (decimal 363)
   defining Unicode char U+016C (decimal 364)
   defining Unicode char U+016D (decimal 365)
   defining Unicode char U+016E (decimal 366)
   defining Unicode char U+016F (decimal 367)
   defining Unicode char U+0170 (decimal 368)
   defining Unicode char U+0171 (decimal 369)
   defining Unicode char U+0172 (decimal 370)
   defining Unicode char U+0173 (decimal 371)
   defining Unicode char U+0174 (decimal 372)
   defining Unicode char U+0175 (decimal 373)
   defining Unicode char U+0176 (decimal 374)
   defining Unicode char U+0177 (decimal 375)
   defining Unicode char U+0178 (decimal 376)
   defining Unicode char U+0179 (decimal 377)
   defining Unicode char U+017A (decimal 378)
   defining Unicode char U+017B (decimal 379)
   defining Unicode char U+017C (decimal 380)
   defining Unicode char U+017D (decimal 381)
   defining Unicode char U+017E (decimal 382)
   defining Unicode char U+01CD (decimal 461)
   defining Unicode char U+01CE (decimal 462)
   defining Unicode char U+01CF (decimal 463)
   defining Unicode char U+01D0 (decimal 464)
   defining Unicode char U+01D1 (decimal 465)
   defining Unicode char U+01D2 (decimal 466)
   defining Unicode char U+01D3 (decimal 467)
   defining Unicode char U+01D4 (decimal 468)
   defining Unicode char U+01E2 (decimal 482)
   defining Unicode char U+01E3 (decimal 483)
   defining Unicode char U+01E6 (decimal 486)
   defining Unicode char U+01E7 (decimal 487)
   defining Unicode char U+01E8 (decimal 488)
   defining Unicode char U+01E9 (decimal 489)
   defining Unicode char U+01EA (decimal 490)
   defining Unicode char U+01EB (decimal 491)
   defining Unicode char U+01F0 (decimal 496)
   defining Unicode char U+01F4 (decimal 500)
   defining Unicode char U+01F5 (decimal 501)
   defining Unicode char U+0218 (decimal 536)
   defining Unicode char U+0219 (decimal 537)
   defining Unicode char U+021A (decimal 538)
   defining Unicode char U+021B (decimal 539)
   defining Unicode char U+1E02 (decimal 7682)
   defining Unicode char U+1E03 (decimal 7683)
   defining Unicode char U+200C (decimal 8204)
   defining Unicode char U+2010 (decimal 8208)
   defining Unicode char U+2011 (decimal 8209)
   defining Unicode char U+2012 (decimal 8210)
   defining Unicode char U+2013 (decimal 8211)
   defining Unicode char U+2014 (decimal 8212)
   defining Unicode char U+2015 (decimal 8213)
   defining Unicode char U+2018 (decimal 8216)
   defining Unicode char U+2019 (decimal 8217)
   defining Unicode char U+201A (decimal 8218)
   defining Unicode char U+201C (decimal 8220)
   defining Unicode char U+201D (decimal 8221)
   defining Unicode char U+201E (decimal 8222)
   defining Unicode char U+2030 (decimal 8240)
   defining Unicode char U+2031 (decimal 8241)
   defining Unicode char U+2039 (decimal 8249)
   defining Unicode char U+203A (decimal 8250)
   defining Unicode char U+2423 (decimal 9251)
)
Now handling font encoding OT1 ...
... processing UTF-8 mapping file for font encoding OT1

(/usr/share/texlive/texmf-dist/tex/latex/base/ot1enc.dfu
File: ot1enc.dfu 2016/02/28 v1.1s UTF-8 support for inputenc
   defining Unicode char U+00A0 (decimal 160)
   defining Unicode char U+00A1 (decimal 161)
   defining Unicode char U+00A3 (decimal 163)
   defining Unicode char U+00AD (decimal 173)
   defining Unicode char U+00B8 (decimal 184)
   defining Unicode char U+00BF (decimal 191)
   defining Unicode char U+00C5 (decimal 197)
   defining Unicode char U+00C6 (decimal 198)
   defining Unicode char U+00D8 (decimal 216)
   defining Unicode char U+00DF (decimal 223)
   defining Unicode char U+00E6 (decimal 230)
   defining Unicode char U+00EC (decimal 236)
   defining Unicode char U+00ED (decimal 237)
   defining Unicode char U+00EE (decimal 238)
   defining Unicode char U+00EF (decimal 239)
   defining Unicode char U+00F8 (decimal 248)
   defining Unicode char U+0131 (decimal 305)
   defining Unicode char U+0141 (decimal 321)
   defining Unicode char U+0142 (decimal 322)
   defining Unicode char U+0152 (decimal 338)
   defining Unicode char U+0153 (decimal 339)
   defining Unicode char U+0174 (decimal 372)
   defining Unicode char U+0175 (decimal 373)
   defining Unicode char U+0176 (decimal 374)
   defining Unicode char U+0177 (decimal 375)
   defining Unicode char U+0218 (decimal 536)
   defining Unicode char U+0219 (decimal 537)
   defining Unicode char U+021A (decimal 538)
   defining Unicode char U+021B (decimal 539)
   defining Unicode char U+2013 (decimal 8211)
   defining Unicode char U+2014 (decimal 8212)
   defining Unicode char U+2018 (decimal 8216)
   defining Unicode char U+2019 (decimal 8217)
   defining Unicode char U+201C (decimal 8220)
   defining Unicode char U+201D (decimal 8221)
)
Now handling font encoding OMS ...
... processing UTF-8 mapping file for font encoding OMS

(/usr/share/texlive/texmf-dist/tex/latex/base/omsenc.dfu
File: omsenc.dfu 2016/02/28 v1.1s UTF-8 support for inputenc
   defining Unicode char U+00A7 (decimal 167)
   defining Unicode char U+00B6 (decimal 182)
   defining Unicode char U+00B7 (decimal 183)
   defining Unicode char U+2020 (decimal 8224)
   defining Unicode char U+2021 (decimal 8225)
   defining Unicode char U+2022 (decimal 8226)
)
Now handling font encoding OMX ...
... no UTF-8 mapping file for font encoding OMX
Now handling font encoding U ...
... no UTF-8 mapping file for font encoding U
   defining Unicode char U+00A9 (decimal 169)
   defining Unicode char U+00AA (decimal 170)
   defining Unicode char U+00AE (decimal 174)
   defining Unicode char U+00BA (decimal 186)
   defining Unicode char U+02C6 (decimal 710)
   defining Unicode char U+02DC (decimal 732)
   defining Unicode char U+200C (decimal 8204)
   defining Unicode char U+2026 (decimal 8230)
   defining Unicode char U+2122 (decimal 8482)
   defining Unicode char U+2423 (decimal 9251)
))
(/usr/share/texlive/texmf-dist/tex/latex/amsmath/amsmath.sty
Package: amsmath 2016/06/28 v2.15d AMS math features
\@mathmargin=\skip43

For additional information on amsmath, use the `?' option.
(/usr/share/texlive/texmf-dist/tex/latex/amsmath/amstext.sty
Package: amstext 2000/06/29 v2.01 AMS text

(/usr/share/texlive/texmf-dist/tex/latex/amsmath/amsgen.sty
File: amsgen.sty 1999/11/30 v2.0 generic functions
\@emptytoks=\toks16
\ex@=\dimen103
))
(/usr/share/texlive/texmf-dist/tex/latex/amsmath/amsbsy.sty
Package: amsbsy 1999/11/29 v1.2d Bold Symbols
\pmbraise@=\dimen104
)
(/usr/share/texlive/texmf-dist/tex/latex/amsmath/amsopn.sty
Package: amsopn 2016/03/08 v2.02 operator names
)
\inf@bad=\count87
LaTeX Info: Redefining \frac on input line 199.
\uproot@=\count88
\leftroot@=\count89
LaTeX Info: Redefining \overline on input line 297.
\classnum@=\count90
\DOTSCASE@=\count91
LaTeX Info: Redefining \ldots on input line 394.
LaTeX Info: Redefining \dots on input line 397.
LaTeX Info: Redefining \cdots on input line 518.
\Mathstrutbox@=\box26
\strutbox@=\box27
\big@size=\dimen105
LaTeX Font Info:    Redeclaring font encoding OML on input line 634.
LaTeX Font Info:    Redeclaring font encoding OMS on input line 635.
\macc@depth=\count92
\c@MaxMatrixCols=\count93
\dotsspace@=\muskip10
\c@parentequation=\count94
\dspbrk@lvl=\count95
\tag@help=\toks17
\row@=\count96
\column@=\count97
\maxfields@=\count98
\andhelp@=\toks18
\eqnshift@=\dimen106
\alignsep@=\dimen107
\tagshift@=\dimen108
\tagwidth@=\dimen109
\totwidth@=\dimen110
\lineht@=\dimen111
\@envbody=\toks19
\multlinegap=\skip44
\multlinetaggap=\skip45
\mathdisplay@stack=\toks20
LaTeX Info: Redefining \[ on input line 2739.
LaTeX Info: Redefining \] on input line 2740.
)
(/usr/share/texlive/texmf-dist/tex/latex/amsfonts/amsfonts.sty
Package: amsfonts 2013/01/14 v3.01 Basic AMSFonts support
\symAMSa=\mathgroup4
\symAMSb=\mathgroup5
LaTeX Font Info:    Overwriting math alphabet `\mathfrak' in version `bold'
(Font)                  U/euf/m/n --> U/euf/b/n on input line 106.
)
(/usr/share/texlive/texmf-dist/tex/latex/amsfonts/amssymb.sty
Package: amssymb 2013/01/14 v3.01 AMS font symbols
)
(/usr/share/texlive/texmf-dist/tex/latex/graphics/graphicx.sty
Package: graphicx 2014/10/28 v1.0g Enhanced LaTeX Graphics (DPC,SPQR)

(/usr/share/texlive/texmf-dist/tex/latex/graphics/keyval.sty
Package: keyval 2014/10/28 v1.15 key=value parser (DPC)
\KV@toks@=\toks21
)
(/usr/share/texlive/texmf-dist/tex/latex/graphics/graphics.sty
Package: graphics 2016/05/09 v1.0r Standard LaTeX Graphics (DPC,SPQR)

(/usr/share/texlive/texmf-dist/tex/latex/graphics/trig.sty
Package: trig 2016/01/03 v1.10 sin cos tan (DPC)
)
(/usr/share/texlive/texmf-dist/tex/latex/graphics-cfg/graphics.cfg
File: graphics.cfg 2016/01/02 v1.10 sample graphics configuration
)
Package graphics Info: Driver file: pdftex.def on input line 96.

(/usr/share/texlive/texmf-dist/tex/latex/graphics-def/pdftex.def
File: pdftex.def 2016/07/10 v0.06j Graphics/color for pdfTeX

(/usr/share/texlive/texmf-dist/tex/generic/oberdiek/infwarerr.sty
Package: infwarerr 2016/05/16 v1.4 Providing info/warning/error messages (HO)
)
(/usr/share/texlive/texmf-dist/tex/generic/oberdiek/ltxcmds.sty
Package: ltxcmds 2016/05/16 v1.23 LaTeX kernel commands for general use (HO)
)
\Gread@gobject=\count99
))
\Gin@req@height=\dimen112
\Gin@req@width=\dimen113
)
(/usr/share/texlive/texmf-dist/tex/latex/caption/subcaption.sty
Package: subcaption 2016/05/22 v1.1-161 Sub-captions (AR)

(/usr/share/texlive/texmf-dist/tex/latex/caption/caption.sty
Package: caption 2016/02/21 v3.3-144 Customizing captions (AR)

(/usr/share/texlive/texmf-dist/tex/latex/caption/caption3.sty
Package: caption3 2016/05/22 v1.7-166 caption3 kernel (AR)
Package caption3 Info: TeX engine: e-TeX on input line 67.
\captionmargin=\dimen114
\captionmargin@=\dimen115
\captionwidth=\dimen116
\caption@tempdima=\dimen117
\caption@indent=\dimen118
\caption@parindent=\dimen119
\caption@hangindent=\dimen120
)
\c@ContinuedFloat=\count100
)
\c@subfigure=\count101
\c@subtable=\count102
)
(/usr/share/texlive/texmf-dist/tex/latex/float/float.sty
Package: float 2001/11/08 v1.3d Float enhancements (AL)
\c@float@type=\count103
\float@exts=\toks22
\float@box=\box28
\@float@everytoks=\toks23
\@floatcapt=\box29
)
(/usr/share/texlive/texmf-dist/tex/latex/tools/tabularx.sty
Package: tabularx 2016/02/03 v2.11 `tabularx' package (DPC)

(/usr/share/texlive/texmf-dist/tex/latex/tools/array.sty
Package: array 2014/10/28 v2.4c Tabular extension package (FMi)
\col@sep=\dimen121
\extrarowheight=\dimen122
\NC@list=\toks24
\extratabsurround=\skip46
\backup@length=\skip47
)
\TX@col@width=\dimen123
\TX@old@table=\dimen124
\TX@old@col=\dimen125
\TX@target=\dimen126
\TX@delta=\dimen127
\TX@cols=\count104
\TX@ftn=\toks25
)
(./TechnicalReport2.aux

LaTeX Warning: Label `subfig:FBP1Fully' multiply defined.


LaTeX Warning: Label `sub@subfig:FBP1Fully' multiply defined.


LaTeX Warning: Label `subfig:Target1Fully' multiply defined.


LaTeX Warning: Label `sub@subfig:Target1Fully' multiply defined.


LaTeX Warning: Label `subfig:FBP1Fully' multiply defined.


LaTeX Warning: Label `sub@subfig:FBP1Fully' multiply defined.


LaTeX Warning: Label `fig:retFully' multiply defined.


LaTeX Warning: Label `subfig:156p1L-D' multiply defined.


LaTeX Warning: Label `sub@subfig:156p1L-D' multiply defined.


LaTeX Warning: Label `subfig:FBP1156p' multiply defined.


LaTeX Warning: Label `sub@subfig:FBP1156p' multiply defined.


LaTeX Warning: Label `subfig:78p1L-D' multiply defined.


LaTeX Warning: Label `sub@subfig:78p1L-D' multiply defined.


LaTeX Warning: Label `subfig:FBP178p' multiply defined.


LaTeX Warning: Label `sub@subfig:FBP178p' multiply defined.


LaTeX Warning: Label `subfig:39p1L-D' multiply defined.


LaTeX Warning: Label `sub@subfig:39p1L-D' multiply defined.


LaTeX Warning: Label `subfig:FBP139p' multiply defined.


LaTeX Warning: Label `sub@subfig:FBP139p' multiply defined.


LaTeX Warning: Label `subfig:16p1L-D' multiply defined.


LaTeX Warning: Label `sub@subfig:16p1L-D' multiply defined.


LaTeX Warning: Label `subfig:FBP116p' multiply defined.


LaTeX Warning: Label `sub@subfig:FBP116p' multiply defined.


LaTeX Warning: Label `subfig:156p1L-D' multiply defined.


LaTeX Warning: Label `sub@subfig:156p1L-D' multiply defined.


LaTeX Warning: Label `subfig:FBP1156p' multiply defined.


LaTeX Warning: Label `sub@subfig:FBP1156p' multiply defined.


LaTeX Warning: Label `subfig:78p1L-D' multiply defined.


LaTeX Warning: Label `sub@subfig:78p1L-D' multiply defined.


LaTeX Warning: Label `subfig:FBP178p' multiply defined.


LaTeX Warning: Label `sub@subfig:FBP178p' multiply defined.


LaTeX Warning: Label `subfig:39p1L-D' multiply defined.


LaTeX Warning: Label `sub@subfig:39p1L-D' multiply defined.


LaTeX Warning: Label `subfig:FBP139p' multiply defined.


LaTeX Warning: Label `sub@subfig:FBP139p' multiply defined.


LaTeX Warning: Label `subfig:16p1L-D' multiply defined.


LaTeX Warning: Label `sub@subfig:16p1L-D' multiply defined.


LaTeX Warning: Label `subfig:FBP116p' multiply defined.


LaTeX Warning: Label `sub@subfig:FBP116p' multiply defined.


LaTeX Warning: Label `tab:Error2000Sample1' multiply defined.


LaTeX Warning: Label `subfig:ContrastFBP' multiply defined.


LaTeX Warning: Label `sub@subfig:ContrastFBP' multiply defined.


LaTeX Warning: Label `subfig:ContrastSB' multiply defined.


LaTeX Warning: Label `sub@subfig:ContrastSB' multiply defined.


LaTeX Warning: Label `fig:contrastsF1' multiply defined.


LaTeX Warning: Label `subfig:20it1Fully' multiply defined.


LaTeX Warning: Label `sub@subfig:20it1Fully' multiply defined.


LaTeX Warning: Label `subfig:200it1Fully' multiply defined.


LaTeX Warning: Label `sub@subfig:200it1Fully' multiply defined.


LaTeX Warning: Label `subfig:1000it1Fully' multiply defined.


LaTeX Warning: Label `sub@subfig:1000it1Fully' multiply defined.


LaTeX Warning: Label `subfig:5000it1Fully' multiply defined.


LaTeX Warning: Label `sub@subfig:5000it1Fully' multiply defined.


LaTeX Warning: Label `fig:retFully' multiply defined.


LaTeX Warning: Label `fig:retFully' multiply defined.


LaTeX Warning: Label `tab:Error2000Sample2' multiply defined.


LaTeX Warning: Label `subfig:Target1Fully' multiply defined.


LaTeX Warning: Label `sub@subfig:Target1Fully' multiply defined.


LaTeX Warning: Label `subfig:20it1Fully' multiply defined.


LaTeX Warning: Label `sub@subfig:20it1Fully' multiply defined.


LaTeX Warning: Label `subfig:200it1Fully' multiply defined.


LaTeX Warning: Label `sub@subfig:200it1Fully' multiply defined.


LaTeX Warning: Label `subfig:1000it1Fully' multiply defined.


LaTeX Warning: Label `sub@subfig:1000it1Fully' multiply defined.


LaTeX Warning: Label `subfig:5000it1Fully' multiply defined.


LaTeX Warning: Label `sub@subfig:5000it1Fully' multiply defined.


LaTeX Warning: Label `fig:retFully' multiply defined.


LaTeX Warning: Label `fig:retFully' multiply defined.


LaTeX Warning: Label `tab:Error2000Sample3' multiply defined.

)
\openout1 = `TechnicalReport2.aux'.

LaTeX Font Info:    Checking defaults for OML/cmm/m/it on input line 13.
LaTeX Font Info:    ... okay on input line 13.
LaTeX Font Info:    Checking defaults for T1/cmr/m/n on input line 13.
LaTeX Font Info:    ... okay on input line 13.
LaTeX Font Info:    Checking defaults for OT1/cmr/m/n on input line 13.
LaTeX Font Info:    ... okay on input line 13.
LaTeX Font Info:    Checking defaults for OMS/cmsy/m/n on input line 13.
LaTeX Font Info:    ... okay on input line 13.
LaTeX Font Info:    Checking defaults for OMX/cmex/m/n on input line 13.
LaTeX Font Info:    ... okay on input line 13.
LaTeX Font Info:    Checking defaults for U/cmr/m/n on input line 13.
LaTeX Font Info:    ... okay on input line 13.
 (/usr/share/texlive/texmf-dist/tex/context/base/mkii/supp-pdf.mkii
[Loading MPS to PDF converter (version 2006.09.02).]
\scratchcounter=\count105
\scratchdimen=\dimen128
\scratchbox=\box30
\nofMPsegments=\count106
\nofMParguments=\count107
\everyMPshowfont=\toks26
\MPscratchCnt=\count108
\MPscratchDim=\dimen129
\MPnumerator=\count109
\makeMPintoPDFobject=\count110
\everyMPtoPDFconversion=\toks27
) (/usr/share/texlive/texmf-dist/tex/generic/oberdiek/pdftexcmds.sty
Package: pdftexcmds 2016/05/21 v0.22 Utility functions of pdfTeX for LuaTeX (HO
)

(/usr/share/texlive/texmf-dist/tex/generic/oberdiek/ifluatex.sty
Package: ifluatex 2016/05/16 v1.4 Provides the ifluatex switch (HO)
Package ifluatex Info: LuaTeX not detected.
)
(/usr/share/texlive/texmf-dist/tex/generic/oberdiek/ifpdf.sty
Package: ifpdf 2016/05/14 v3.1 Provides the ifpdf switch
)
Package pdftexcmds Info: LuaTeX not detected.
Package pdftexcmds Info: \pdf@primitive is available.
Package pdftexcmds Info: \pdf@ifprimitive is available.
Package pdftexcmds Info: \pdfdraftmode found.
)
(/usr/share/texlive/texmf-dist/tex/latex/oberdiek/epstopdf-base.sty
Package: epstopdf-base 2016/05/15 v2.6 Base part for package epstopdf

(/usr/share/texlive/texmf-dist/tex/latex/oberdiek/grfext.sty
Package: grfext 2016/05/16 v1.2 Manage graphics extensions (HO)

(/usr/share/texlive/texmf-dist/tex/generic/oberdiek/kvdefinekeys.sty
Package: kvdefinekeys 2016/05/16 v1.4 Define keys (HO)
))
(/usr/share/texlive/texmf-dist/tex/latex/oberdiek/kvoptions.sty
Package: kvoptions 2016/05/16 v3.12 Key value format for package options (HO)

(/usr/share/texlive/texmf-dist/tex/generic/oberdiek/kvsetkeys.sty
Package: kvsetkeys 2016/05/16 v1.17 Key value parser (HO)

(/usr/share/texlive/texmf-dist/tex/generic/oberdiek/etexcmds.sty
Package: etexcmds 2016/05/16 v1.6 Avoid name clashes with e-TeX commands (HO)
Package etexcmds Info: Could not find \expanded.
(etexcmds)             That can mean that you are not using pdfTeX 1.50 or
(etexcmds)             that some package has redefined \expanded.
(etexcmds)             In the latter case, load this package earlier.
)))
Package epstopdf-base Info: Redefining graphics rule for `.eps' on input line 4
38.
Package grfext Info: Graphics extension search list:
(grfext)             [.png,.pdf,.jpg,.mps,.jpeg,.jbig2,.jb2,.PNG,.PDF,.JPG,.JPE
G,.JBIG2,.JB2,.eps]
(grfext)             \AppendGraphicsExtensions on input line 456.

(/usr/share/texlive/texmf-dist/tex/latex/latexconfig/epstopdf-sys.cfg
File: epstopdf-sys.cfg 2010/07/13 v1.3 Configuration of (r)epstopdf for TeX Liv
e
))
Package caption Info: Begin \AtBeginDocument code.
Package caption Info: float package is loaded.
Package caption Info: End \AtBeginDocument code.
LaTeX Font Info:    Try loading font information for U+msa on input line 15.

(/usr/share/texlive/texmf-dist/tex/latex/amsfonts/umsa.fd
File: umsa.fd 2013/01/14 v3.01 AMS symbols A
)
LaTeX Font Info:    Try loading font information for U+msb on input line 15.

(/usr/share/texlive/texmf-dist/tex/latex/amsfonts/umsb.fd
File: umsb.fd 2013/01/14 v3.01 AMS symbols B
) [1

{/usr/share/texlive/texmf-dist/fonts/map/pdftex/updmap/pdftex.map}]
<Sample1/target1.png, id=8, 963.6pt x 701.62125pt>
File: Sample1/target1.png Graphic file (type png)
 <use Sample1/target1.png>
Package pdftex.def Info: Sample1/target1.png used on input line 27.
(pdftex.def)             Requested size: 110.40253pt x 80.37962pt.

<Sample2/target2.png, id=9, 429.10312pt x 310.91156pt>
File: Sample2/target2.png Graphic file (type png)

<use Sample2/target2.png>
Package pdftex.def Info: Sample2/target2.png used on input line 34.
(pdftex.def)             Requested size: 110.40253pt x 79.99063pt.
 <Sample3/target3.png, id=10, 963.6pt x 701.62125pt>
File: Sample3/target3.png Graphic file (type png)

<use Sample3/target3.png>
Package pdftex.def Info: Sample3/target3.png used on input line 41.
(pdftex.def)             Requested size: 110.40253pt x 80.37962pt.
LaTeX Font Info:    Try loading font information for OMS+cmr on input line 50.

(/usr/share/texlive/texmf-dist/tex/latex/base/omscmr.fd
File: omscmr.fd 2014/09/29 v2.5h Standard LaTeX font definitions
)
LaTeX Font Info:    Font shape `OMS/cmr/m/n' in size <10> not available
(Font)              Font shape `OMS/cmsy/m/n' tried instead on input line 50.
 [1 <./Sample1/target1.png (PNG copy)> <./Sample2/target2.png (PNG copy)> <./Sa
mple3/target3.png (PNG copy)>]
File: Sample1/target1.png Graphic file (type png)
 <use Sample1/target1.png>
Package pdftex.def Info: Sample1/target1.png used on input line 68.
(pdftex.def)             Requested size: 163.8771pt x 119.31685pt.

<Sample1/fully/FBP.png, id=19, 963.6pt x 701.62125pt>
File: Sample1/fully/FBP.png Graphic file (type png)

<use Sample1/fully/FBP.png>
Package pdftex.def Info: Sample1/fully/FBP.png used on input line 75.
(pdftex.def)             Requested size: 163.8771pt x 119.31685pt.

<Sample1/fully/20it.png, id=20, 963.6pt x 701.62125pt>
File: Sample1/fully/20it.png Graphic file (type png)

<use Sample1/fully/20it.png>
Package pdftex.def Info: Sample1/fully/20it.png used on input line 82.
(pdftex.def)             Requested size: 163.8771pt x 119.31685pt.

<Sample1/fully/200it.png, id=21, 963.6pt x 701.62125pt>
File: Sample1/fully/200it.png Graphic file (type png)

<use Sample1/fully/200it.png>
Package pdftex.def Info: Sample1/fully/200it.png used on input line 89.
(pdftex.def)             Requested size: 163.8771pt x 119.31685pt.

<Sample1/fully/1000it.png, id=22, 963.6pt x 701.62125pt>
File: Sample1/fully/1000it.png Graphic file (type png)

<use Sample1/fully/1000it.png>
Package pdftex.def Info: Sample1/fully/1000it.png used on input line 96.
(pdftex.def)             Requested size: 163.8771pt x 119.31685pt.

<Sample1/fully/5000it.png, id=23, 963.6pt x 701.62125pt>
File: Sample1/fully/5000it.png Graphic file (type png)

<use Sample1/fully/5000it.png>
Package pdftex.def Info: Sample1/fully/5000it.png used on input line 103.
(pdftex.def)             Requested size: 163.8771pt x 119.31685pt.
 [2

 <./Sample1/fully/FBP.png (PNG copy)> <./Sample1/fully/20it.png (PNG copy)> <./
Sample1/fully/200it.png (PNG copy)> <./Sample1/fully/1000it.png (PNG copy)> <./
Sample1/fully/5000it.png (PNG copy)>] [3]
File: Sample1/target1.png Graphic file (type png)

<use Sample1/target1.png>
Package pdftex.def Info: Sample1/target1.png used on input line 132.
(pdftex.def)             Requested size: 110.40253pt x 80.37962pt.

<Sample1/L-D_5000/156p.png, id=30, 963.6pt x 701.62125pt>
File: Sample1/L-D_5000/156p.png Graphic file (type png)

<use Sample1/L-D_5000/156p.png>
Package pdftex.def Info: Sample1/L-D_5000/156p.png used on input line 139.
(pdftex.def)             Requested size: 110.40253pt x 80.37962pt.

<Sample1/L-D_5000/FBP156.png, id=31, 963.6pt x 701.62125pt>
File: Sample1/L-D_5000/FBP156.png Graphic file (type png)

<use Sample1/L-D_5000/FBP156.png>
Package pdftex.def Info: Sample1/L-D_5000/FBP156.png used on input line 146.
(pdftex.def)             Requested size: 110.40253pt x 80.37962pt.
File: Sample1/target1.png Graphic file (type png)
 <use Sample1/target1.png>
Package pdftex.def Info: Sample1/target1.png used on input line 155.
(pdftex.def)             Requested size: 110.40253pt x 80.37962pt.

<Sample1/L-D_5000/78_1_2.png, id=32, 963.6pt x 701.62125pt>
File: Sample1/L-D_5000/78_1_2.png Graphic file (type png)

<use Sample1/L-D_5000/78_1_2.png>
Package pdftex.def Info: Sample1/L-D_5000/78_1_2.png used on input line 162.
(pdftex.def)             Requested size: 110.40253pt x 80.37962pt.

<Sample1/L-D_5000/FBP78.png, id=33, 963.6pt x 701.62125pt>
File: Sample1/L-D_5000/FBP78.png Graphic file (type png)

<use Sample1/L-D_5000/FBP78.png>
Package pdftex.def Info: Sample1/L-D_5000/FBP78.png used on input line 169.
(pdftex.def)             Requested size: 110.40253pt x 80.37962pt.
File: Sample1/target1.png Graphic file (type png)
 <use Sample1/target1.png>
Package pdftex.def Info: Sample1/target1.png used on input line 178.
(pdftex.def)             Requested size: 110.40253pt x 80.37962pt.

<Sample1/L-D_5000/39_1_4.png, id=34, 963.6pt x 701.62125pt>
File: Sample1/L-D_5000/39_1_4.png Graphic file (type png)

<use Sample1/L-D_5000/39_1_4.png>
Package pdftex.def Info: Sample1/L-D_5000/39_1_4.png used on input line 185.
(pdftex.def)             Requested size: 110.40253pt x 80.37962pt.

<Sample1/L-D_5000/FBP39.png, id=35, 963.6pt x 701.62125pt>
File: Sample1/L-D_5000/FBP39.png Graphic file (type png)

<use Sample1/L-D_5000/FBP39.png>
Package pdftex.def Info: Sample1/L-D_5000/FBP39.png used on input line 192.
(pdftex.def)             Requested size: 110.40253pt x 80.37962pt.
File: Sample1/target1.png Graphic file (type png)
 <use Sample1/target1.png>
Package pdftex.def Info: Sample1/target1.png used on input line 201.
(pdftex.def)             Requested size: 110.40253pt x 80.37962pt.

<Sample1/L-D_5000/16_1_10.png, id=36, 963.6pt x 701.62125pt>
File: Sample1/L-D_5000/16_1_10.png Graphic file (type png)

<use Sample1/L-D_5000/16_1_10.png>
Package pdftex.def Info: Sample1/L-D_5000/16_1_10.png used on input line 208.
(pdftex.def)             Requested size: 110.40253pt x 80.37962pt.

<Sample1/L-D_5000/FBP16.png, id=37, 963.6pt x 701.62125pt>
File: Sample1/L-D_5000/FBP16.png Graphic file (type png)

<use Sample1/L-D_5000/FBP16.png>
Package pdftex.def Info: Sample1/L-D_5000/FBP16.png used on input line 215.
(pdftex.def)             Requested size: 110.40253pt x 80.37962pt.
 [4

 <./Sample1/L-D_5000/156p.png (PNG copy)> <./Sample1/L-D_5000/FBP156.png (PNG c
opy)> <./Sample1/L-D_5000/78_1_2.png (PNG copy)> <./Sample1/L-D_5000/FBP78.png 
(PNG copy)> <./Sample1/L-D_5000/39_1_4.png (PNG copy)> <./Sample1/L-D_5000/FBP3
9.png (PNG copy)> <./Sample1/L-D_5000/16_1_10.png (PNG copy)> <./Sample1/L-D_50
00/FBP16.png (PNG copy)>]
Underfull \hbox (badness 10000) in paragraph at lines 229--231

 []


Underfull \hbox (badness 10000) in paragraph at lines 232--233

 []


Underfull \hbox (badness 10000) in paragraph at lines 234--235

 []


Underfull \hbox (badness 10000) in paragraph at lines 236--237

 []

[5

]
Underfull \hbox (badness 10000) in paragraph at lines 244--245

 []

<Sample1/Edges/target_auto.png, id=48, 429.10312pt x 310.91156pt>
File: Sample1/Edges/target_auto.png Graphic file (type png)

<use Sample1/Edges/target_auto.png>
Package pdftex.def Info: Sample1/Edges/target_auto.png used on input line 252.
(pdftex.def)             Requested size: 110.40253pt x 79.99063pt.

<Sample1/Edges/SB/fully_auto.png, id=49, 963.6pt x 701.62125pt>
File: Sample1/Edges/SB/fully_auto.png Graphic file (type png)

<use Sample1/Edges/SB/fully_auto.png>
Package pdftex.def Info: Sample1/Edges/SB/fully_auto.png used on input line 259
.
(pdftex.def)             Requested size: 110.40253pt x 80.37962pt.

<Sample1/Edges/FBP/fully_auto.png, id=50, 429.10312pt x 310.91156pt>
File: Sample1/Edges/FBP/fully_auto.png Graphic file (type png)

<use Sample1/Edges/FBP/fully_auto.png>
Package pdftex.def Info: Sample1/Edges/FBP/fully_auto.png used on input line 26
6.
(pdftex.def)             Requested size: 110.40253pt x 79.99063pt.
File: Sample1/Edges/target_auto.png Graphic file (type png)
 <use Sample1/Edges/target_auto.png>
Package pdftex.def Info: Sample1/Edges/target_auto.png used on input line 275.
(pdftex.def)             Requested size: 110.40253pt x 79.99063pt.

<Sample1/Edges/SB/p2_auto.png, id=51, 963.6pt x 701.62125pt>
File: Sample1/Edges/SB/p2_auto.png Graphic file (type png)

<use Sample1/Edges/SB/p2_auto.png>
Package pdftex.def Info: Sample1/Edges/SB/p2_auto.png used on input line 282.
(pdftex.def)             Requested size: 110.40253pt x 80.37962pt.

<Sample1/Edges/FBP/p2_auto.png, id=52, 421.575pt x 316.18124pt>
File: Sample1/Edges/FBP/p2_auto.png Graphic file (type png)

<use Sample1/Edges/FBP/p2_auto.png>
Package pdftex.def Info: Sample1/Edges/FBP/p2_auto.png used on input line 289.
(pdftex.def)             Requested size: 110.40253pt x 82.7986pt.
File: Sample1/Edges/target_auto.png Graphic file (type png)
 <use Sample1/Edges/target_auto.png>
Package pdftex.def Info: Sample1/Edges/target_auto.png used on input line 298.
(pdftex.def)             Requested size: 110.40253pt x 79.99063pt.

<Sample1/Edges/SB/p3_auto.png, id=53, 963.6pt x 701.62125pt>
File: Sample1/Edges/SB/p3_auto.png Graphic file (type png)

<use Sample1/Edges/SB/p3_auto.png>
Package pdftex.def Info: Sample1/Edges/SB/p3_auto.png used on input line 305.
(pdftex.def)             Requested size: 110.40253pt x 80.37962pt.

<Sample1/Edges/FBP/p3_auto.png, id=54, 421.575pt x 316.18124pt>
File: Sample1/Edges/FBP/p3_auto.png Graphic file (type png)

<use Sample1/Edges/FBP/p3_auto.png>
Package pdftex.def Info: Sample1/Edges/FBP/p3_auto.png used on input line 312.
(pdftex.def)             Requested size: 110.40253pt x 82.7986pt.
File: Sample1/Edges/target_auto.png Graphic file (type png)
 <use Sample1/Edges/target_auto.png>
Package pdftex.def Info: Sample1/Edges/target_auto.png used on input line 321.
(pdftex.def)             Requested size: 110.40253pt x 79.99063pt.

<Sample1/Edges/SB/p4_auto.png, id=55, 963.6pt x 701.62125pt>
File: Sample1/Edges/SB/p4_auto.png Graphic file (type png)

<use Sample1/Edges/SB/p4_auto.png>
Package pdftex.def Info: Sample1/Edges/SB/p4_auto.png used on input line 328.
(pdftex.def)             Requested size: 110.40253pt x 80.37962pt.

<Sample1/Edges/FBP/p4_auto.png, id=56, 429.10312pt x 310.91156pt>
File: Sample1/Edges/FBP/p4_auto.png Graphic file (type png)

<use Sample1/Edges/FBP/p4_auto.png>
Package pdftex.def Info: Sample1/Edges/FBP/p4_auto.png used on input line 335.
(pdftex.def)             Requested size: 110.40253pt x 79.99063pt.
 [6

 <./Sample1/Edges/target_auto.png (PNG copy)> <./Sample1/Edges/SB/fully_auto.pn
g (PNG copy)> <./Sample1/Edges/FBP/fully_auto.png (PNG copy)> <./Sample1/Edges/
SB/p2_auto.png (PNG copy)> <./Sample1/Edges/FBP/p2_auto.png (PNG copy)> <./Samp
le1/Edges/SB/p3_auto.png (PNG copy)> <./Sample1/Edges/FBP/p3_auto.png (PNG copy
)> <./Sample1/Edges/SB/p4_auto.png (PNG copy)> <./Sample1/Edges/FBP/p4_auto.png
 (PNG copy)>]
<Sample1/Edges/target_0_10.png, id=61, 429.10312pt x 310.91156pt>
File: Sample1/Edges/target_0_10.png Graphic file (type png)

<use Sample1/Edges/target_0_10.png>
Package pdftex.def Info: Sample1/Edges/target_0_10.png used on input line 356.
(pdftex.def)             Requested size: 110.40253pt x 79.99063pt.

<Sample1/Edges/SB/fully_0_10.png, id=62, 429.10312pt x 310.91156pt>
File: Sample1/Edges/SB/fully_0_10.png Graphic file (type png)

<use Sample1/Edges/SB/fully_0_10.png>
Package pdftex.def Info: Sample1/Edges/SB/fully_0_10.png used on input line 363
.
(pdftex.def)             Requested size: 110.40253pt x 79.99063pt.

<Sample1/Edges/FBP/fully_0_10.png, id=63, 429.10312pt x 310.91156pt>
File: Sample1/Edges/FBP/fully_0_10.png Graphic file (type png)

<use Sample1/Edges/FBP/fully_0_10.png>
Package pdftex.def Info: Sample1/Edges/FBP/fully_0_10.png used on input line 37
0.
(pdftex.def)             Requested size: 110.40253pt x 79.99063pt.
File: Sample1/Edges/target_0_10.png Graphic file (type png)
 <use Sample1/Edges/target_0_10.png>
Package pdftex.def Info: Sample1/Edges/target_0_10.png used on input line 379.
(pdftex.def)             Requested size: 110.40253pt x 79.99063pt.

<Sample1/Edges/SB/p2_0_10.png, id=64, 429.10312pt x 310.91156pt>
File: Sample1/Edges/SB/p2_0_10.png Graphic file (type png)

<use Sample1/Edges/SB/p2_0_10.png>
Package pdftex.def Info: Sample1/Edges/SB/p2_0_10.png used on input line 386.
(pdftex.def)             Requested size: 110.40253pt x 79.99063pt.

<Sample1/Edges/FBP/p2_0_10.png, id=65, 429.10312pt x 310.91156pt>
File: Sample1/Edges/FBP/p2_0_10.png Graphic file (type png)

<use Sample1/Edges/FBP/p2_0_10.png>
Package pdftex.def Info: Sample1/Edges/FBP/p2_0_10.png used on input line 393.
(pdftex.def)             Requested size: 110.40253pt x 79.99063pt.
File: Sample1/Edges/target_0_10.png Graphic file (type png)
 <use Sample1/Edges/target_0_10.png>
Package pdftex.def Info: Sample1/Edges/target_0_10.png used on input line 402.
(pdftex.def)             Requested size: 110.40253pt x 79.99063pt.

<Sample1/Edges/SB/p3_0_10.png, id=66, 429.10312pt x 310.91156pt>
File: Sample1/Edges/SB/p3_0_10.png Graphic file (type png)

<use Sample1/Edges/SB/p3_0_10.png>
Package pdftex.def Info: Sample1/Edges/SB/p3_0_10.png used on input line 409.
(pdftex.def)             Requested size: 110.40253pt x 79.99063pt.

<Sample1/Edges/FBP/p3_0_10.png, id=67, 414.04688pt x 321.45094pt>
File: Sample1/Edges/FBP/p3_0_10.png Graphic file (type png)

<use Sample1/Edges/FBP/p3_0_10.png>
Package pdftex.def Info: Sample1/Edges/FBP/p3_0_10.png used on input line 416.
(pdftex.def)             Requested size: 110.40253pt x 85.71382pt.
File: Sample1/Edges/target_0_10.png Graphic file (type png)
 <use Sample1/Edges/target_0_10.png>
Package pdftex.def Info: Sample1/Edges/target_0_10.png used on input line 425.
(pdftex.def)             Requested size: 110.40253pt x 79.99063pt.

<Sample1/Edges/SB/p4_0_10.png, id=68, 421.575pt x 316.18124pt>
File: Sample1/Edges/SB/p4_0_10.png Graphic file (type png)

<use Sample1/Edges/SB/p4_0_10.png>
Package pdftex.def Info: Sample1/Edges/SB/p4_0_10.png used on input line 432.
(pdftex.def)             Requested size: 110.40253pt x 82.7986pt.

<Sample1/Edges/FBP/p4_0_10.png, id=69, 421.575pt x 316.18124pt>
File: Sample1/Edges/FBP/p4_0_10.png Graphic file (type png)

<use Sample1/Edges/FBP/p4_0_10.png>
Package pdftex.def Info: Sample1/Edges/FBP/p4_0_10.png used on input line 439.
(pdftex.def)             Requested size: 110.40253pt x 82.7986pt.
 [7

 <./Sample1/Edges/target_0_10.png (PNG copy)> <./Sample1/Edges/SB/fully_0_10.pn
g (PNG copy)> <./Sample1/Edges/FBP/fully_0_10.png (PNG copy)> <./Sample1/Edges/
SB/p2_0_10.png (PNG copy)> <./Sample1/Edges/FBP/p2_0_10.png (PNG copy)> <./Samp
le1/Edges/SB/p3_0_10.png (PNG copy)> <./Sample1/Edges/FBP/p3_0_10.png (PNG copy
)> <./Sample1/Edges/SB/p4_0_10.png (PNG copy)> <./Sample1/Edges/FBP/p4_0_10.png
 (PNG copy)>]
Overfull \hbox (45.8007pt too wide) in paragraph at lines 457--483
[][] 
 []


Underfull \hbox (badness 10000) in paragraph at lines 487--488

 []

<Sample1/contrastFBP.png, id=73, 421.575pt x 316.18124pt>
File: Sample1/contrastFBP.png Graphic file (type png)

<use Sample1/contrastFBP.png>
Package pdftex.def Info: Sample1/contrastFBP.png used on input line 493.
(pdftex.def)             Requested size: 169.0519pt x 126.78867pt.

<Sample1/contrastSB.png, id=74, 421.575pt x 316.18124pt>
File: Sample1/contrastSB.png Graphic file (type png)

<use Sample1/contrastSB.png>
Package pdftex.def Info: Sample1/contrastSB.png used on input line 498.
(pdftex.def)             Requested size: 169.0519pt x 126.78867pt.
 [8

 <./Sample1/contrastFBP.png (PNG copy)> <./Sample1/contrastSB.png (PNG copy)>]
Underfull \hbox (badness 10000) in paragraph at lines 507--508

 []

<Sample1/execTimeProj.png, id=80, 421.575pt x 316.18124pt>
File: Sample1/execTimeProj.png Graphic file (type png)

<use Sample1/execTimeProj.png>
Package pdftex.def Info: Sample1/execTimeProj.png used on input line 511.
(pdftex.def)             Requested size: 169.0519pt x 126.78867pt.

<Sample1/execTimeIt.png, id=81, 421.575pt x 316.18124pt>
File: Sample1/execTimeIt.png Graphic file (type png)

<use Sample1/execTimeIt.png>
Package pdftex.def Info: Sample1/execTimeIt.png used on input line 516.
(pdftex.def)             Requested size: 169.0519pt x 126.78867pt.

<Sample1/SIFT/SB/100p.png, id=82, 963.6pt x 701.62125pt>
File: Sample1/SIFT/SB/100p.png Graphic file (type png)

<use Sample1/SIFT/SB/100p.png>
Package pdftex.def Info: Sample1/SIFT/SB/100p.png used on input line 528.
(pdftex.def)             Requested size: 163.8771pt x 119.31685pt.

<Sample1/SIFT/FBP/100p.png, id=83, 963.6pt x 701.62125pt>
File: Sample1/SIFT/FBP/100p.png Graphic file (type png)

<use Sample1/SIFT/FBP/100p.png>
Package pdftex.def Info: Sample1/SIFT/FBP/100p.png used on input line 532.
(pdftex.def)             Requested size: 163.8771pt x 119.31685pt.

<Sample1/SIFT/SB/50p.png, id=84, 963.6pt x 701.62125pt>
File: Sample1/SIFT/SB/50p.png Graphic file (type png)

<use Sample1/SIFT/SB/50p.png>
Package pdftex.def Info: Sample1/SIFT/SB/50p.png used on input line 537.
(pdftex.def)             Requested size: 163.8771pt x 119.31685pt.

<Sample1/SIFT/FBP/50p.png, id=85, 963.6pt x 701.62125pt>
File: Sample1/SIFT/FBP/50p.png Graphic file (type png)

<use Sample1/SIFT/FBP/50p.png>
Package pdftex.def Info: Sample1/SIFT/FBP/50p.png used on input line 541.
(pdftex.def)             Requested size: 163.8771pt x 119.31685pt.

<Sample1/SIFT/SB/25p.png, id=86, 963.6pt x 701.62125pt>
File: Sample1/SIFT/SB/25p.png Graphic file (type png)

<use Sample1/SIFT/SB/25p.png>
Package pdftex.def Info: Sample1/SIFT/SB/25p.png used on input line 546.
(pdftex.def)             Requested size: 163.8771pt x 119.31685pt.

<Sample1/SIFT/FBP/25p.png, id=87, 963.6pt x 701.62125pt>
File: Sample1/SIFT/FBP/25p.png Graphic file (type png)

<use Sample1/SIFT/FBP/25p.png>
Package pdftex.def Info: Sample1/SIFT/FBP/25p.png used on input line 550.
(pdftex.def)             Requested size: 163.8771pt x 119.31685pt.

<Sample1/SIFT/SB/10p.png, id=88, 963.6pt x 701.62125pt>
File: Sample1/SIFT/SB/10p.png Graphic file (type png)

<use Sample1/SIFT/SB/10p.png>
Package pdftex.def Info: Sample1/SIFT/SB/10p.png used on input line 555.
(pdftex.def)             Requested size: 163.8771pt x 119.31685pt.

<Sample1/SIFT/FBP/10p.png, id=89, 963.6pt x 701.62125pt>
File: Sample1/SIFT/FBP/10p.png Graphic file (type png)

<use Sample1/SIFT/FBP/10p.png>
Package pdftex.def Info: Sample1/SIFT/FBP/10p.png used on input line 559.
(pdftex.def)             Requested size: 163.8771pt x 119.31685pt.

<Sample1/SIFT/Edges/SB/100p.png, id=90, 963.6pt x 701.62125pt>
File: Sample1/SIFT/Edges/SB/100p.png Graphic file (type png)

<use Sample1/SIFT/Edges/SB/100p.png>
Package pdftex.def Info: Sample1/SIFT/Edges/SB/100p.png used on input line 571.

(pdftex.def)             Requested size: 163.8771pt x 119.31685pt.

<Sample1/SIFT/Edges/FBP/100p.png, id=91, 963.6pt x 701.62125pt>
File: Sample1/SIFT/Edges/FBP/100p.png Graphic file (type png)

<use Sample1/SIFT/Edges/FBP/100p.png>
Package pdftex.def Info: Sample1/SIFT/Edges/FBP/100p.png used on input line 575
.
(pdftex.def)             Requested size: 163.8771pt x 119.31685pt.

<Sample1/SIFT/Edges/SB/50p.png, id=92, 963.6pt x 701.62125pt>
File: Sample1/SIFT/Edges/SB/50p.png Graphic file (type png)

<use Sample1/SIFT/Edges/SB/50p.png>
Package pdftex.def Info: Sample1/SIFT/Edges/SB/50p.png used on input line 580.
(pdftex.def)             Requested size: 163.8771pt x 119.31685pt.

<Sample1/SIFT/Edges/FBP/50p.png, id=93, 963.6pt x 701.62125pt>
File: Sample1/SIFT/Edges/FBP/50p.png Graphic file (type png)

<use Sample1/SIFT/Edges/FBP/50p.png>
Package pdftex.def Info: Sample1/SIFT/Edges/FBP/50p.png used on input line 584.

(pdftex.def)             Requested size: 163.8771pt x 119.31685pt.

<Sample1/SIFT/Edges/SB/25p.png, id=94, 963.6pt x 701.62125pt>
File: Sample1/SIFT/Edges/SB/25p.png Graphic file (type png)

<use Sample1/SIFT/Edges/SB/25p.png>
Package pdftex.def Info: Sample1/SIFT/Edges/SB/25p.png used on input line 589.
(pdftex.def)             Requested size: 163.8771pt x 119.31685pt.

<Sample1/SIFT/Edges/FBP/25p.png, id=95, 963.6pt x 701.62125pt>
File: Sample1/SIFT/Edges/FBP/25p.png Graphic file (type png)

<use Sample1/SIFT/Edges/FBP/25p.png>
Package pdftex.def Info: Sample1/SIFT/Edges/FBP/25p.png used on input line 593.

(pdftex.def)             Requested size: 163.8771pt x 119.31685pt.

<Sample1/SIFT/Edges/SB/10p.png, id=96, 963.6pt x 701.62125pt>
File: Sample1/SIFT/Edges/SB/10p.png Graphic file (type png)

<use Sample1/SIFT/Edges/SB/10p.png>
Package pdftex.def Info: Sample1/SIFT/Edges/SB/10p.png used on input line 598.
(pdftex.def)             Requested size: 163.8771pt x 119.31685pt.

<Sample1/SIFT/Edges/FBP/10p.png, id=97, 963.6pt x 701.62125pt>
File: Sample1/SIFT/Edges/FBP/10p.png Graphic file (type png)

<use Sample1/SIFT/Edges/FBP/10p.png>
Package pdftex.def Info: Sample1/SIFT/Edges/FBP/10p.png used on input line 602.

(pdftex.def)             Requested size: 163.8771pt x 119.31685pt.
 [9

 <./Sample1/execTimeProj.png (PNG copy)> <./Sample1/execTimeIt.png (PNG copy)>]
 [10 <./Sample1/SIFT/SB/100p.png (PNG copy)> <./Sample1/SIFT/FBP/100p.png (PNG 
copy)> <./Sample1/SIFT/SB/50p.png (PNG copy)> <./Sample1/SIFT/FBP/50p.png (PNG 
copy)> <./Sample1/SIFT/SB/25p.png (PNG copy)> <./Sample1/SIFT/FBP/25p.png (PNG 
copy)> <./Sample1/SIFT/SB/10p.png (PNG copy)> <./Sample1/SIFT/FBP/10p.png (PNG 
copy)>] [11 <./Sample1/SIFT/Edges/SB/100p.png (PNG copy)> <./Sample1/SIFT/Edges
/FBP/100p.png (PNG copy)> <./Sample1/SIFT/Edges/SB/50p.png (PNG copy)> <./Sampl
e1/SIFT/Edges/FBP/50p.png (PNG copy)> <./Sample1/SIFT/Edges/SB/25p.png (PNG cop
y)> <./Sample1/SIFT/Edges/FBP/25p.png (PNG copy)> <./Sample1/SIFT/Edges/SB/10p.
png (PNG copy)> <./Sample1/SIFT/Edges/FBP/10p.png (PNG copy)>]
Overfull \hbox (21.50613pt too wide) in paragraph at lines 613--627
[][] 
 []


Overfull \hbox (16.50612pt too wide) in paragraph at lines 632--646
[][] 
 []

File: Sample2/target2.png Graphic file (type png)
<use Sample2/target2.png>
Package pdftex.def Info: Sample2/target2.png used on input line 662.
(pdftex.def)             Requested size: 163.8771pt x 118.74062pt.

<Sample2/fully/FBP.png, id=107, 963.6pt x 701.62125pt>
File: Sample2/fully/FBP.png Graphic file (type png)

<use Sample2/fully/FBP.png>
Package pdftex.def Info: Sample2/fully/FBP.png used on input line 669.
(pdftex.def)             Requested size: 163.8771pt x 119.31685pt.

<Sample2/fully/20it.png, id=108, 963.6pt x 701.62125pt>
File: Sample2/fully/20it.png Graphic file (type png)

<use Sample2/fully/20it.png>
Package pdftex.def Info: Sample2/fully/20it.png used on input line 676.
(pdftex.def)             Requested size: 163.8771pt x 119.31685pt.

<Sample2/fully/200it.png, id=109, 963.6pt x 701.62125pt>
File: Sample2/fully/200it.png Graphic file (type png)

<use Sample2/fully/200it.png>
Package pdftex.def Info: Sample2/fully/200it.png used on input line 683.
(pdftex.def)             Requested size: 163.8771pt x 119.31685pt.

<Sample2/fully/1000it.png, id=110, 963.6pt x 701.62125pt>
File: Sample2/fully/1000it.png Graphic file (type png)

<use Sample2/fully/1000it.png>
Package pdftex.def Info: Sample2/fully/1000it.png used on input line 690.
(pdftex.def)             Requested size: 163.8771pt x 119.31685pt.

<Sample2/fully/5000it.png, id=111, 963.6pt x 701.62125pt>
File: Sample2/fully/5000it.png Graphic file (type png)

<use Sample2/fully/5000it.png>
Package pdftex.def Info: Sample2/fully/5000it.png used on input line 697.
(pdftex.def)             Requested size: 163.8771pt x 119.31685pt.
 [12

] [13 <./Sample2/fully/FBP.png (PNG copy)> <./Sample2/fully/20it.png (PNG copy)
> <./Sample2/fully/200it.png (PNG copy)> <./Sample2/fully/1000it.png (PNG copy)
> <./Sample2/fully/5000it.png (PNG copy)>]
File: Sample2/target2.png Graphic file (type png)

<use Sample2/target2.png>
Package pdftex.def Info: Sample2/target2.png used on input line 725.
(pdftex.def)             Requested size: 110.40253pt x 79.99063pt.

<Sample2/L-D_5000/156p.png, id=119, 963.6pt x 701.62125pt>
File: Sample2/L-D_5000/156p.png Graphic file (type png)

<use Sample2/L-D_5000/156p.png>
Package pdftex.def Info: Sample2/L-D_5000/156p.png used on input line 732.
(pdftex.def)             Requested size: 110.40253pt x 80.37962pt.

<Sample2/L-D_5000/FBP156.png, id=120, 963.6pt x 701.62125pt>
File: Sample2/L-D_5000/FBP156.png Graphic file (type png)

<use Sample2/L-D_5000/FBP156.png>
Package pdftex.def Info: Sample2/L-D_5000/FBP156.png used on input line 739.
(pdftex.def)             Requested size: 110.40253pt x 80.37962pt.
File: Sample2/target2.png Graphic file (type png)
 <use Sample2/target2.png>
Package pdftex.def Info: Sample2/target2.png used on input line 748.
(pdftex.def)             Requested size: 110.40253pt x 79.99063pt.

<Sample2/L-D_5000/78_1_2.png, id=121, 963.6pt x 701.62125pt>
File: Sample2/L-D_5000/78_1_2.png Graphic file (type png)

<use Sample2/L-D_5000/78_1_2.png>
Package pdftex.def Info: Sample2/L-D_5000/78_1_2.png used on input line 755.
(pdftex.def)             Requested size: 110.40253pt x 80.37962pt.

<Sample2/L-D_5000/FBP78.png, id=122, 963.6pt x 701.62125pt>
File: Sample2/L-D_5000/FBP78.png Graphic file (type png)

<use Sample2/L-D_5000/FBP78.png>
Package pdftex.def Info: Sample2/L-D_5000/FBP78.png used on input line 762.
(pdftex.def)             Requested size: 110.40253pt x 80.37962pt.
File: Sample2/target2.png Graphic file (type png)
 <use Sample2/target2.png>
Package pdftex.def Info: Sample2/target2.png used on input line 771.
(pdftex.def)             Requested size: 110.40253pt x 79.99063pt.

<Sample2/L-D_5000/39_1_4.png, id=123, 963.6pt x 701.62125pt>
File: Sample2/L-D_5000/39_1_4.png Graphic file (type png)

<use Sample2/L-D_5000/39_1_4.png>
Package pdftex.def Info: Sample2/L-D_5000/39_1_4.png used on input line 778.
(pdftex.def)             Requested size: 110.40253pt x 80.37962pt.

<Sample2/L-D_5000/FBP39.png, id=124, 963.6pt x 701.62125pt>
File: Sample2/L-D_5000/FBP39.png Graphic file (type png)

<use Sample2/L-D_5000/FBP39.png>
Package pdftex.def Info: Sample2/L-D_5000/FBP39.png used on input line 785.
(pdftex.def)             Requested size: 110.40253pt x 80.37962pt.
File: Sample2/target2.png Graphic file (type png)
 <use Sample2/target2.png>
Package pdftex.def Info: Sample2/target2.png used on input line 794.
(pdftex.def)             Requested size: 110.40253pt x 79.99063pt.

<Sample2/L-D_5000/16_1_10.png, id=125, 963.6pt x 701.62125pt>
File: Sample2/L-D_5000/16_1_10.png Graphic file (type png)

<use Sample2/L-D_5000/16_1_10.png>
Package pdftex.def Info: Sample2/L-D_5000/16_1_10.png used on input line 801.
(pdftex.def)             Requested size: 110.40253pt x 80.37962pt.

<Sample2/L-D_5000/FBP16.png, id=126, 963.6pt x 701.62125pt>
File: Sample2/L-D_5000/FBP16.png Graphic file (type png)

<use Sample2/L-D_5000/FBP16.png>
Package pdftex.def Info: Sample2/L-D_5000/FBP16.png used on input line 808.
(pdftex.def)             Requested size: 110.40253pt x 80.37962pt.

Overfull \hbox (40.57848pt too wide) in paragraph at lines 821--830
[][] 
 []

[14

 <./Sample2/L-D_5000/156p.png (PNG copy)> <./Sample2/L-D_5000/FBP156.png (PNG c
opy)> <./Sample2/L-D_5000/78_1_2.png (PNG copy)> <./Sample2/L-D_5000/FBP78.png 
(PNG copy)> <./Sample2/L-D_5000/39_1_4.png (PNG copy)> <./Sample2/L-D_5000/FBP3
9.png (PNG copy)> <./Sample2/L-D_5000/16_1_10.png (PNG copy)> <./Sample2/L-D_50
00/FBP16.png (PNG copy)>]
File: Sample3/target3.png Graphic file (type png)
 <use Sample3/target3.png>
Package pdftex.def Info: Sample3/target3.png used on input line 843.
(pdftex.def)             Requested size: 163.8771pt x 119.31685pt.

<Sample3/fully/FBP.png, id=130, 963.6pt x 701.62125pt>
File: Sample3/fully/FBP.png Graphic file (type png)

<use Sample3/fully/FBP.png>
Package pdftex.def Info: Sample3/fully/FBP.png used on input line 850.
(pdftex.def)             Requested size: 163.8771pt x 119.31685pt.

<Sample3/fully/20it.png, id=131, 963.6pt x 701.62125pt>
File: Sample3/fully/20it.png Graphic file (type png)

<use Sample3/fully/20it.png>
Package pdftex.def Info: Sample3/fully/20it.png used on input line 857.
(pdftex.def)             Requested size: 163.8771pt x 119.31685pt.

<Sample3/fully/200it.png, id=132, 963.6pt x 701.62125pt>
File: Sample3/fully/200it.png Graphic file (type png)

<use Sample3/fully/200it.png>
Package pdftex.def Info: Sample3/fully/200it.png used on input line 864.
(pdftex.def)             Requested size: 163.8771pt x 119.31685pt.

<Sample3/fully/1000it.png, id=133, 963.6pt x 701.62125pt>
File: Sample3/fully/1000it.png Graphic file (type png)

<use Sample3/fully/1000it.png>
Package pdftex.def Info: Sample3/fully/1000it.png used on input line 871.
(pdftex.def)             Requested size: 163.8771pt x 119.31685pt.

<Sample3/fully/5000it.png, id=134, 963.6pt x 701.62125pt>
File: Sample3/fully/5000it.png Graphic file (type png)

<use Sample3/fully/5000it.png>
Package pdftex.def Info: Sample3/fully/5000it.png used on input line 878.
(pdftex.def)             Requested size: 163.8771pt x 119.31685pt.
 [15

 <./Sample3/fully/FBP.png (PNG copy)> <./Sample3/fully/20it.png (PNG copy)> <./
Sample3/fully/200it.png (PNG copy)> <./Sample3/fully/1000it.png (PNG copy)> <./
Sample3/fully/5000it.png (PNG copy)>]
File: Sample3/target3.png Graphic file (type png)

<use Sample3/target3.png>
Package pdftex.def Info: Sample3/target3.png used on input line 906.
(pdftex.def)             Requested size: 110.40253pt x 80.37962pt.

<Sample3/L-D_5000/156p.png, id=138, 963.6pt x 701.62125pt>
File: Sample3/L-D_5000/156p.png Graphic file (type png)

<use Sample3/L-D_5000/156p.png>
Package pdftex.def Info: Sample3/L-D_5000/156p.png used on input line 913.
(pdftex.def)             Requested size: 110.40253pt x 80.37962pt.

<Sample3/L-D_5000/FBP156.png, id=139, 963.6pt x 701.62125pt>
File: Sample3/L-D_5000/FBP156.png Graphic file (type png)

<use Sample3/L-D_5000/FBP156.png>
Package pdftex.def Info: Sample3/L-D_5000/FBP156.png used on input line 920.
(pdftex.def)             Requested size: 110.40253pt x 80.37962pt.
File: Sample3/target3.png Graphic file (type png)
 <use Sample3/target3.png>
Package pdftex.def Info: Sample3/target3.png used on input line 929.
(pdftex.def)             Requested size: 110.40253pt x 80.37962pt.

<Sample3/L-D_5000/78_1_2.png, id=140, 963.6pt x 701.62125pt>
File: Sample3/L-D_5000/78_1_2.png Graphic file (type png)

<use Sample3/L-D_5000/78_1_2.png>
Package pdftex.def Info: Sample3/L-D_5000/78_1_2.png used on input line 936.
(pdftex.def)             Requested size: 110.40253pt x 80.37962pt.

<Sample3/L-D_5000/FBP78.png, id=141, 963.6pt x 701.62125pt>
File: Sample3/L-D_5000/FBP78.png Graphic file (type png)

<use Sample3/L-D_5000/FBP78.png>
Package pdftex.def Info: Sample3/L-D_5000/FBP78.png used on input line 943.
(pdftex.def)             Requested size: 110.40253pt x 80.37962pt.
File: Sample3/target3.png Graphic file (type png)
 <use Sample3/target3.png>
Package pdftex.def Info: Sample3/target3.png used on input line 952.
(pdftex.def)             Requested size: 110.40253pt x 80.37962pt.

<Sample3/L-D_5000/39_1_4.png, id=142, 963.6pt x 701.62125pt>
File: Sample3/L-D_5000/39_1_4.png Graphic file (type png)

<use Sample3/L-D_5000/39_1_4.png>
Package pdftex.def Info: Sample3/L-D_5000/39_1_4.png used on input line 959.
(pdftex.def)             Requested size: 110.40253pt x 80.37962pt.

<Sample3/L-D_5000/FBP39.png, id=143, 963.6pt x 701.62125pt>
File: Sample3/L-D_5000/FBP39.png Graphic file (type png)

<use Sample3/L-D_5000/FBP39.png>
Package pdftex.def Info: Sample3/L-D_5000/FBP39.png used on input line 966.
(pdftex.def)             Requested size: 110.40253pt x 80.37962pt.
File: Sample3/target3.png Graphic file (type png)
 <use Sample3/target3.png>
Package pdftex.def Info: Sample3/target3.png used on input line 975.
(pdftex.def)             Requested size: 110.40253pt x 80.37962pt.

<Sample3/L-D_5000/16_1_10.png, id=144, 963.6pt x 701.62125pt>
File: Sample3/L-D_5000/16_1_10.png Graphic file (type png)

<use Sample3/L-D_5000/16_1_10.png>
Package pdftex.def Info: Sample3/L-D_5000/16_1_10.png used on input line 982.
(pdftex.def)             Requested size: 110.40253pt x 80.37962pt.

<Sample3/L-D_5000/FBP16.png, id=145, 963.6pt x 701.62125pt>
File: Sample3/L-D_5000/FBP16.png Graphic file (type png)

<use Sample3/L-D_5000/FBP16.png>
Package pdftex.def Info: Sample3/L-D_5000/FBP16.png used on input line 989.
(pdftex.def)             Requested size: 110.40253pt x 80.37962pt.

Overfull \hbox (40.57848pt too wide) in paragraph at lines 1002--1011
[][] 
 []

[16

 <./Sample3/L-D_5000/156p.png (PNG copy)> <./Sample3/L-D_5000/FBP156.png (PNG c
opy)> <./Sample3/L-D_5000/78_1_2.png (PNG copy)> <./Sample3/L-D_5000/FBP78.png 
(PNG copy)> <./Sample3/L-D_5000/39_1_4.png (PNG copy)> <./Sample3/L-D_5000/FBP3
9.png (PNG copy)> <./Sample3/L-D_5000/16_1_10.png (PNG copy)> <./Sample3/L-D_50
00/FBP16.png (PNG copy)>] [17

] (./TechnicalReport2.aux)

LaTeX Warning: There were multiply-defined labels.

 ) 
Here is how much of TeX's memory you used:
 4424 strings out of 494946
 68368 string characters out of 6180981
 118413 words of memory out of 5000000
 7602 multiletter control sequences out of 15000+600000
 11802 words of font info for 46 fonts, out of 8000000 for 9000
 14 hyphenation exceptions out of 8191
 42i,10n,40p,504b,512s stack positions out of 5000i,500n,10000p,200000b,80000s
</usr/share/texlive/texmf-dist/fonts/type1/public/amsfonts/cm/cmbx10.pfb></us
r/share/texlive/texmf-dist/fonts/type1/public/amsfonts/cm/cmbx12.pfb></usr/shar
e/texlive/texmf-dist/fonts/type1/public/amsfonts/cm/cmex10.pfb></usr/share/texl
ive/texmf-dist/fonts/type1/public/amsfonts/cm/cmmi10.pfb></usr/share/texlive/te
xmf-dist/fonts/type1/public/amsfonts/cm/cmmi7.pfb></usr/share/texlive/texmf-dis
t/fonts/type1/public/amsfonts/cm/cmr10.pfb></usr/share/texlive/texmf-dist/fonts
/type1/public/amsfonts/cm/cmr12.pfb></usr/share/texlive/texmf-dist/fonts/type1/
public/amsfonts/cm/cmr17.pfb></usr/share/texlive/texmf-dist/fonts/type1/public/
amsfonts/cm/cmr5.pfb></usr/share/texlive/texmf-dist/fonts/type1/public/amsfonts
/cm/cmr7.pfb></usr/share/texlive/texmf-dist/fonts/type1/public/amsfonts/cm/cmr9
.pfb></usr/share/texlive/texmf-dist/fonts/type1/public/amsfonts/cm/cmsy10.pfb><
/usr/share/texlive/texmf-dist/fonts/type1/public/amsfonts/cm/cmsy5.pfb>
Output written on TechnicalReport2.pdf (18 pages, 2679481 bytes).
PDF statistics:
 194 PDF objects out of 1000 (max. 8388607)
 80 compressed objects within 1 object stream
 0 named destinations out of 1000 (max. 500000)
 401 words of extra memory for PDF output out of 10000 (max. 10000000)

