This is pdfTeX, Version 3.14159265-2.6-1.40.17 (TeX Live 2016) (preloaded format=pdflatex 2017.2.17)  4 APR 2017 10:23
entering extended mode
 restricted \write18 enabled.
 %&-line parsing enabled.
**data_familiarization.tex
(./data_familiarization.tex
LaTeX2e <2016/03/31>
Babel <3.9r> and hyphenation patterns for 3 language(s) loaded.
(/usr/share/texlive/texmf-dist/tex/latex/base/article.cls
Document Class: article 2014/09/29 v1.4h Standard LaTeX document class
(/usr/share/texlive/texmf-dist/tex/latex/base/size10.clo
File: size10.clo 2014/09/29 v1.4h Standard LaTeX file (size option)
)
\c@part=\count79
\c@section=\count80
\c@subsection=\count81
\c@subsubsection=\count82
\c@paragraph=\count83
\c@subparagraph=\count84
\c@figure=\count85
\c@table=\count86
\abovecaptionskip=\skip41
\belowcaptionskip=\skip42
\bibindent=\dimen102
)
(/usr/share/texlive/texmf-dist/tex/latex/base/inputenc.sty
Package: inputenc 2015/03/17 v1.2c Input encoding file
\inpenc@prehook=\toks14
\inpenc@posthook=\toks15

(/usr/share/texlive/texmf-dist/tex/latex/base/utf8.def
File: utf8.def 2016/02/28 v1.1s UTF-8 support for inputenc
Now handling font encoding OML ...
... no UTF-8 mapping file for font encoding OML
Now handling font encoding T1 ...
... processing UTF-8 mapping file for font encoding T1

(/usr/share/texlive/texmf-dist/tex/latex/base/t1enc.dfu
File: t1enc.dfu 2016/02/28 v1.1s UTF-8 support for inputenc
   defining Unicode char U+00A0 (decimal 160)
   defining Unicode char U+00A1 (decimal 161)
   defining Unicode char U+00A3 (decimal 163)
   defining Unicode char U+00AB (decimal 171)
   defining Unicode char U+00AD (decimal 173)
   defining Unicode char U+00BB (decimal 187)
   defining Unicode char U+00BF (decimal 191)
   defining Unicode char U+00C0 (decimal 192)
   defining Unicode char U+00C1 (decimal 193)
   defining Unicode char U+00C2 (decimal 194)
   defining Unicode char U+00C3 (decimal 195)
   defining Unicode char U+00C4 (decimal 196)
   defining Unicode char U+00C5 (decimal 197)
   defining Unicode char U+00C6 (decimal 198)
   defining Unicode char U+00C7 (decimal 199)
   defining Unicode char U+00C8 (decimal 200)
   defining Unicode char U+00C9 (decimal 201)
   defining Unicode char U+00CA (decimal 202)
   defining Unicode char U+00CB (decimal 203)
   defining Unicode char U+00CC (decimal 204)
   defining Unicode char U+00CD (decimal 205)
   defining Unicode char U+00CE (decimal 206)
   defining Unicode char U+00CF (decimal 207)
   defining Unicode char U+00D0 (decimal 208)
   defining Unicode char U+00D1 (decimal 209)
   defining Unicode char U+00D2 (decimal 210)
   defining Unicode char U+00D3 (decimal 211)
   defining Unicode char U+00D4 (decimal 212)
   defining Unicode char U+00D5 (decimal 213)
   defining Unicode char U+00D6 (decimal 214)
   defining Unicode char U+00D8 (decimal 216)
   defining Unicode char U+00D9 (decimal 217)
   defining Unicode char U+00DA (decimal 218)
   defining Unicode char U+00DB (decimal 219)
   defining Unicode char U+00DC (decimal 220)
   defining Unicode char U+00DD (decimal 221)
   defining Unicode char U+00DE (decimal 222)
   defining Unicode char U+00DF (decimal 223)
   defining Unicode char U+00E0 (decimal 224)
   defining Unicode char U+00E1 (decimal 225)
   defining Unicode char U+00E2 (decimal 226)
   defining Unicode char U+00E3 (decimal 227)
   defining Unicode char U+00E4 (decimal 228)
   defining Unicode char U+00E5 (decimal 229)
   defining Unicode char U+00E6 (decimal 230)
   defining Unicode char U+00E7 (decimal 231)
   defining Unicode char U+00E8 (decimal 232)
   defining Unicode char U+00E9 (decimal 233)
   defining Unicode char U+00EA (decimal 234)
   defining Unicode char U+00EB (decimal 235)
   defining Unicode char U+00EC (decimal 236)
   defining Unicode char U+00ED (decimal 237)
   defining Unicode char U+00EE (decimal 238)
   defining Unicode char U+00EF (decimal 239)
   defining Unicode char U+00F0 (decimal 240)
   defining Unicode char U+00F1 (decimal 241)
   defining Unicode char U+00F2 (decimal 242)
   defining Unicode char U+00F3 (decimal 243)
   defining Unicode char U+00F4 (decimal 244)
   defining Unicode char U+00F5 (decimal 245)
   defining Unicode char U+00F6 (decimal 246)
   defining Unicode char U+00F8 (decimal 248)
   defining Unicode char U+00F9 (decimal 249)
   defining Unicode char U+00FA (decimal 250)
   defining Unicode char U+00FB (decimal 251)
   defining Unicode char U+00FC (decimal 252)
   defining Unicode char U+00FD (decimal 253)
   defining Unicode char U+00FE (decimal 254)
   defining Unicode char U+00FF (decimal 255)
   defining Unicode char U+0100 (decimal 256)
   defining Unicode char U+0101 (decimal 257)
   defining Unicode char U+0102 (decimal 258)
   defining Unicode char U+0103 (decimal 259)
   defining Unicode char U+0104 (decimal 260)
   defining Unicode char U+0105 (decimal 261)
   defining Unicode char U+0106 (decimal 262)
   defining Unicode char U+0107 (decimal 263)
   defining Unicode char U+0108 (decimal 264)
   defining Unicode char U+0109 (decimal 265)
   defining Unicode char U+010A (decimal 266)
   defining Unicode char U+010B (decimal 267)
   defining Unicode char U+010C (decimal 268)
   defining Unicode char U+010D (decimal 269)
   defining Unicode char U+010E (decimal 270)
   defining Unicode char U+010F (decimal 271)
   defining Unicode char U+0110 (decimal 272)
   defining Unicode char U+0111 (decimal 273)
   defining Unicode char U+0112 (decimal 274)
   defining Unicode char U+0113 (decimal 275)
   defining Unicode char U+0114 (decimal 276)
   defining Unicode char U+0115 (decimal 277)
   defining Unicode char U+0116 (decimal 278)
   defining Unicode char U+0117 (decimal 279)
   defining Unicode char U+0118 (decimal 280)
   defining Unicode char U+0119 (decimal 281)
   defining Unicode char U+011A (decimal 282)
   defining Unicode char U+011B (decimal 283)
   defining Unicode char U+011C (decimal 284)
   defining Unicode char U+011D (decimal 285)
   defining Unicode char U+011E (decimal 286)
   defining Unicode char U+011F (decimal 287)
   defining Unicode char U+0120 (decimal 288)
   defining Unicode char U+0121 (decimal 289)
   defining Unicode char U+0122 (decimal 290)
   defining Unicode char U+0123 (decimal 291)
   defining Unicode char U+0124 (decimal 292)
   defining Unicode char U+0125 (decimal 293)
   defining Unicode char U+0128 (decimal 296)
   defining Unicode char U+0129 (decimal 297)
   defining Unicode char U+012A (decimal 298)
   defining Unicode char U+012B (decimal 299)
   defining Unicode char U+012C (decimal 300)
   defining Unicode char U+012D (decimal 301)
   defining Unicode char U+012E (decimal 302)
   defining Unicode char U+012F (decimal 303)
   defining Unicode char U+0130 (decimal 304)
   defining Unicode char U+0131 (decimal 305)
   defining Unicode char U+0132 (decimal 306)
   defining Unicode char U+0133 (decimal 307)
   defining Unicode char U+0134 (decimal 308)
   defining Unicode char U+0135 (decimal 309)
   defining Unicode char U+0136 (decimal 310)
   defining Unicode char U+0137 (decimal 311)
   defining Unicode char U+0139 (decimal 313)
   defining Unicode char U+013A (decimal 314)
   defining Unicode char U+013B (decimal 315)
   defining Unicode char U+013C (decimal 316)
   defining Unicode char U+013D (decimal 317)
   defining Unicode char U+013E (decimal 318)
   defining Unicode char U+0141 (decimal 321)
   defining Unicode char U+0142 (decimal 322)
   defining Unicode char U+0143 (decimal 323)
   defining Unicode char U+0144 (decimal 324)
   defining Unicode char U+0145 (decimal 325)
   defining Unicode char U+0146 (decimal 326)
   defining Unicode char U+0147 (decimal 327)
   defining Unicode char U+0148 (decimal 328)
   defining Unicode char U+014A (decimal 330)
   defining Unicode char U+014B (decimal 331)
   defining Unicode char U+014C (decimal 332)
   defining Unicode char U+014D (decimal 333)
   defining Unicode char U+014E (decimal 334)
   defining Unicode char U+014F (decimal 335)
   defining Unicode char U+0150 (decimal 336)
   defining Unicode char U+0151 (decimal 337)
   defining Unicode char U+0152 (decimal 338)
   defining Unicode char U+0153 (decimal 339)
   defining Unicode char U+0154 (decimal 340)
   defining Unicode char U+0155 (decimal 341)
   defining Unicode char U+0156 (decimal 342)
   defining Unicode char U+0157 (decimal 343)
   defining Unicode char U+0158 (decimal 344)
   defining Unicode char U+0159 (decimal 345)
   defining Unicode char U+015A (decimal 346)
   defining Unicode char U+015B (decimal 347)
   defining Unicode char U+015C (decimal 348)
   defining Unicode char U+015D (decimal 349)
   defining Unicode char U+015E (decimal 350)
   defining Unicode char U+015F (decimal 351)
   defining Unicode char U+0160 (decimal 352)
   defining Unicode char U+0161 (decimal 353)
   defining Unicode char U+0162 (decimal 354)
   defining Unicode char U+0163 (decimal 355)
   defining Unicode char U+0164 (decimal 356)
   defining Unicode char U+0165 (decimal 357)
   defining Unicode char U+0168 (decimal 360)
   defining Unicode char U+0169 (decimal 361)
   defining Unicode char U+016A (decimal 362)
   defining Unicode char U+016B (decimal 363)
   defining Unicode char U+016C (decimal 364)
   defining Unicode char U+016D (decimal 365)
   defining Unicode char U+016E (decimal 366)
   defining Unicode char U+016F (decimal 367)
   defining Unicode char U+0170 (decimal 368)
   defining Unicode char U+0171 (decimal 369)
   defining Unicode char U+0172 (decimal 370)
   defining Unicode char U+0173 (decimal 371)
   defining Unicode char U+0174 (decimal 372)
   defining Unicode char U+0175 (decimal 373)
   defining Unicode char U+0176 (decimal 374)
   defining Unicode char U+0177 (decimal 375)
   defining Unicode char U+0178 (decimal 376)
   defining Unicode char U+0179 (decimal 377)
   defining Unicode char U+017A (decimal 378)
   defining Unicode char U+017B (decimal 379)
   defining Unicode char U+017C (decimal 380)
   defining Unicode char U+017D (decimal 381)
   defining Unicode char U+017E (decimal 382)
   defining Unicode char U+01CD (decimal 461)
   defining Unicode char U+01CE (decimal 462)
   defining Unicode char U+01CF (decimal 463)
   defining Unicode char U+01D0 (decimal 464)
   defining Unicode char U+01D1 (decimal 465)
   defining Unicode char U+01D2 (decimal 466)
   defining Unicode char U+01D3 (decimal 467)
   defining Unicode char U+01D4 (decimal 468)
   defining Unicode char U+01E2 (decimal 482)
   defining Unicode char U+01E3 (decimal 483)
   defining Unicode char U+01E6 (decimal 486)
   defining Unicode char U+01E7 (decimal 487)
   defining Unicode char U+01E8 (decimal 488)
   defining Unicode char U+01E9 (decimal 489)
   defining Unicode char U+01EA (decimal 490)
   defining Unicode char U+01EB (decimal 491)
   defining Unicode char U+01F0 (decimal 496)
   defining Unicode char U+01F4 (decimal 500)
   defining Unicode char U+01F5 (decimal 501)
   defining Unicode char U+0218 (decimal 536)
   defining Unicode char U+0219 (decimal 537)
   defining Unicode char U+021A (decimal 538)
   defining Unicode char U+021B (decimal 539)
   defining Unicode char U+1E02 (decimal 7682)
   defining Unicode char U+1E03 (decimal 7683)
   defining Unicode char U+200C (decimal 8204)
   defining Unicode char U+2010 (decimal 8208)
   defining Unicode char U+2011 (decimal 8209)
   defining Unicode char U+2012 (decimal 8210)
   defining Unicode char U+2013 (decimal 8211)
   defining Unicode char U+2014 (decimal 8212)
   defining Unicode char U+2015 (decimal 8213)
   defining Unicode char U+2018 (decimal 8216)
   defining Unicode char U+2019 (decimal 8217)
   defining Unicode char U+201A (decimal 8218)
   defining Unicode char U+201C (decimal 8220)
   defining Unicode char U+201D (decimal 8221)
   defining Unicode char U+201E (decimal 8222)
   defining Unicode char U+2030 (decimal 8240)
   defining Unicode char U+2031 (decimal 8241)
   defining Unicode char U+2039 (decimal 8249)
   defining Unicode char U+203A (decimal 8250)
   defining Unicode char U+2423 (decimal 9251)
)
Now handling font encoding OT1 ...
... processing UTF-8 mapping file for font encoding OT1

(/usr/share/texlive/texmf-dist/tex/latex/base/ot1enc.dfu
File: ot1enc.dfu 2016/02/28 v1.1s UTF-8 support for inputenc
   defining Unicode char U+00A0 (decimal 160)
   defining Unicode char U+00A1 (decimal 161)
   defining Unicode char U+00A3 (decimal 163)
   defining Unicode char U+00AD (decimal 173)
   defining Unicode char U+00B8 (decimal 184)
   defining Unicode char U+00BF (decimal 191)
   defining Unicode char U+00C5 (decimal 197)
   defining Unicode char U+00C6 (decimal 198)
   defining Unicode char U+00D8 (decimal 216)
   defining Unicode char U+00DF (decimal 223)
   defining Unicode char U+00E6 (decimal 230)
   defining Unicode char U+00EC (decimal 236)
   defining Unicode char U+00ED (decimal 237)
   defining Unicode char U+00EE (decimal 238)
   defining Unicode char U+00EF (decimal 239)
   defining Unicode char U+00F8 (decimal 248)
   defining Unicode char U+0131 (decimal 305)
   defining Unicode char U+0141 (decimal 321)
   defining Unicode char U+0142 (decimal 322)
   defining Unicode char U+0152 (decimal 338)
   defining Unicode char U+0153 (decimal 339)
   defining Unicode char U+0174 (decimal 372)
   defining Unicode char U+0175 (decimal 373)
   defining Unicode char U+0176 (decimal 374)
   defining Unicode char U+0177 (decimal 375)
   defining Unicode char U+0218 (decimal 536)
   defining Unicode char U+0219 (decimal 537)
   defining Unicode char U+021A (decimal 538)
   defining Unicode char U+021B (decimal 539)
   defining Unicode char U+2013 (decimal 8211)
   defining Unicode char U+2014 (decimal 8212)
   defining Unicode char U+2018 (decimal 8216)
   defining Unicode char U+2019 (decimal 8217)
   defining Unicode char U+201C (decimal 8220)
   defining Unicode char U+201D (decimal 8221)
)
Now handling font encoding OMS ...
... processing UTF-8 mapping file for font encoding OMS

(/usr/share/texlive/texmf-dist/tex/latex/base/omsenc.dfu
File: omsenc.dfu 2016/02/28 v1.1s UTF-8 support for inputenc
   defining Unicode char U+00A7 (decimal 167)
   defining Unicode char U+00B6 (decimal 182)
   defining Unicode char U+00B7 (decimal 183)
   defining Unicode char U+2020 (decimal 8224)
   defining Unicode char U+2021 (decimal 8225)
   defining Unicode char U+2022 (decimal 8226)
)
Now handling font encoding OMX ...
... no UTF-8 mapping file for font encoding OMX
Now handling font encoding U ...
... no UTF-8 mapping file for font encoding U
   defining Unicode char U+00A9 (decimal 169)
   defining Unicode char U+00AA (decimal 170)
   defining Unicode char U+00AE (decimal 174)
   defining Unicode char U+00BA (decimal 186)
   defining Unicode char U+02C6 (decimal 710)
   defining Unicode char U+02DC (decimal 732)
   defining Unicode char U+200C (decimal 8204)
   defining Unicode char U+2026 (decimal 8230)
   defining Unicode char U+2122 (decimal 8482)
   defining Unicode char U+2423 (decimal 9251)
))
(/usr/share/texlive/texmf-dist/tex/latex/amsmath/amsmath.sty
Package: amsmath 2016/06/28 v2.15d AMS math features
\@mathmargin=\skip43

For additional information on amsmath, use the `?' option.
(/usr/share/texlive/texmf-dist/tex/latex/amsmath/amstext.sty
Package: amstext 2000/06/29 v2.01 AMS text

(/usr/share/texlive/texmf-dist/tex/latex/amsmath/amsgen.sty
File: amsgen.sty 1999/11/30 v2.0 generic functions
\@emptytoks=\toks16
\ex@=\dimen103
))
(/usr/share/texlive/texmf-dist/tex/latex/amsmath/amsbsy.sty
Package: amsbsy 1999/11/29 v1.2d Bold Symbols
\pmbraise@=\dimen104
)
(/usr/share/texlive/texmf-dist/tex/latex/amsmath/amsopn.sty
Package: amsopn 2016/03/08 v2.02 operator names
)
\inf@bad=\count87
LaTeX Info: Redefining \frac on input line 199.
\uproot@=\count88
\leftroot@=\count89
LaTeX Info: Redefining \overline on input line 297.
\classnum@=\count90
\DOTSCASE@=\count91
LaTeX Info: Redefining \ldots on input line 394.
LaTeX Info: Redefining \dots on input line 397.
LaTeX Info: Redefining \cdots on input line 518.
\Mathstrutbox@=\box26
\strutbox@=\box27
\big@size=\dimen105
LaTeX Font Info:    Redeclaring font encoding OML on input line 634.
LaTeX Font Info:    Redeclaring font encoding OMS on input line 635.
\macc@depth=\count92
\c@MaxMatrixCols=\count93
\dotsspace@=\muskip10
\c@parentequation=\count94
\dspbrk@lvl=\count95
\tag@help=\toks17
\row@=\count96
\column@=\count97
\maxfields@=\count98
\andhelp@=\toks18
\eqnshift@=\dimen106
\alignsep@=\dimen107
\tagshift@=\dimen108
\tagwidth@=\dimen109
\totwidth@=\dimen110
\lineht@=\dimen111
\@envbody=\toks19
\multlinegap=\skip44
\multlinetaggap=\skip45
\mathdisplay@stack=\toks20
LaTeX Info: Redefining \[ on input line 2739.
LaTeX Info: Redefining \] on input line 2740.
)
(/usr/share/texlive/texmf-dist/tex/latex/amsfonts/amsfonts.sty
Package: amsfonts 2013/01/14 v3.01 Basic AMSFonts support
\symAMSa=\mathgroup4
\symAMSb=\mathgroup5
LaTeX Font Info:    Overwriting math alphabet `\mathfrak' in version `bold'
(Font)                  U/euf/m/n --> U/euf/b/n on input line 106.
)
(/usr/share/texlive/texmf-dist/tex/latex/amsfonts/amssymb.sty
Package: amssymb 2013/01/14 v3.01 AMS font symbols
)
(/usr/share/texlive/texmf-dist/tex/latex/graphics/graphicx.sty
Package: graphicx 2014/10/28 v1.0g Enhanced LaTeX Graphics (DPC,SPQR)

(/usr/share/texlive/texmf-dist/tex/latex/graphics/keyval.sty
Package: keyval 2014/10/28 v1.15 key=value parser (DPC)
\KV@toks@=\toks21
)
(/usr/share/texlive/texmf-dist/tex/latex/graphics/graphics.sty
Package: graphics 2016/05/09 v1.0r Standard LaTeX Graphics (DPC,SPQR)

(/usr/share/texlive/texmf-dist/tex/latex/graphics/trig.sty
Package: trig 2016/01/03 v1.10 sin cos tan (DPC)
)
(/usr/share/texlive/texmf-dist/tex/latex/graphics-cfg/graphics.cfg
File: graphics.cfg 2016/01/02 v1.10 sample graphics configuration
)
Package graphics Info: Driver file: pdftex.def on input line 96.

(/usr/share/texlive/texmf-dist/tex/latex/graphics-def/pdftex.def
File: pdftex.def 2016/07/10 v0.06j Graphics/color for pdfTeX

(/usr/share/texlive/texmf-dist/tex/generic/oberdiek/infwarerr.sty
Package: infwarerr 2016/05/16 v1.4 Providing info/warning/error messages (HO)
)
(/usr/share/texlive/texmf-dist/tex/generic/oberdiek/ltxcmds.sty
Package: ltxcmds 2016/05/16 v1.23 LaTeX kernel commands for general use (HO)
)
\Gread@gobject=\count99
))
\Gin@req@height=\dimen112
\Gin@req@width=\dimen113
)
(/usr/share/texlive/texmf-dist/tex/latex/caption/subcaption.sty
Package: subcaption 2016/05/22 v1.1-161 Sub-captions (AR)

(/usr/share/texlive/texmf-dist/tex/latex/caption/caption.sty
Package: caption 2016/02/21 v3.3-144 Customizing captions (AR)

(/usr/share/texlive/texmf-dist/tex/latex/caption/caption3.sty
Package: caption3 2016/05/22 v1.7-166 caption3 kernel (AR)
Package caption3 Info: TeX engine: e-TeX on input line 67.
\captionmargin=\dimen114
\captionmargin@=\dimen115
\captionwidth=\dimen116
\caption@tempdima=\dimen117
\caption@indent=\dimen118
\caption@parindent=\dimen119
\caption@hangindent=\dimen120
)
\c@ContinuedFloat=\count100
)
\c@subfigure=\count101
\c@subtable=\count102
)
(/usr/share/texlive/texmf-dist/tex/latex/float/float.sty
Package: float 2001/11/08 v1.3d Float enhancements (AL)
\c@float@type=\count103
\float@exts=\toks22
\float@box=\box28
\@float@everytoks=\toks23
\@floatcapt=\box29
)
(/usr/share/texlive/texmf-dist/tex/latex/tools/tabularx.sty
Package: tabularx 2016/02/03 v2.11 `tabularx' package (DPC)

(/usr/share/texlive/texmf-dist/tex/latex/tools/array.sty
Package: array 2014/10/28 v2.4c Tabular extension package (FMi)
\col@sep=\dimen121
\extrarowheight=\dimen122
\NC@list=\toks24
\extratabsurround=\skip46
\backup@length=\skip47
)
\TX@col@width=\dimen123
\TX@old@table=\dimen124
\TX@old@col=\dimen125
\TX@target=\dimen126
\TX@delta=\dimen127
\TX@cols=\count104
\TX@ftn=\toks25
)
(./data_familiarization.aux

LaTeX Warning: Label `fig:filters' multiply defined.

)
\openout1 = `data_familiarization.aux'.

LaTeX Font Info:    Checking defaults for OML/cmm/m/it on input line 13.
LaTeX Font Info:    ... okay on input line 13.
LaTeX Font Info:    Checking defaults for T1/cmr/m/n on input line 13.
LaTeX Font Info:    ... okay on input line 13.
LaTeX Font Info:    Checking defaults for OT1/cmr/m/n on input line 13.
LaTeX Font Info:    ... okay on input line 13.
LaTeX Font Info:    Checking defaults for OMS/cmsy/m/n on input line 13.
LaTeX Font Info:    ... okay on input line 13.
LaTeX Font Info:    Checking defaults for OMX/cmex/m/n on input line 13.
LaTeX Font Info:    ... okay on input line 13.
LaTeX Font Info:    Checking defaults for U/cmr/m/n on input line 13.
LaTeX Font Info:    ... okay on input line 13.
 (/usr/share/texlive/texmf-dist/tex/context/base/mkii/supp-pdf.mkii
[Loading MPS to PDF converter (version 2006.09.02).]
\scratchcounter=\count105
\scratchdimen=\dimen128
\scratchbox=\box30
\nofMPsegments=\count106
\nofMParguments=\count107
\everyMPshowfont=\toks26
\MPscratchCnt=\count108
\MPscratchDim=\dimen129
\MPnumerator=\count109
\makeMPintoPDFobject=\count110
\everyMPtoPDFconversion=\toks27
) (/usr/share/texlive/texmf-dist/tex/generic/oberdiek/pdftexcmds.sty
Package: pdftexcmds 2016/05/21 v0.22 Utility functions of pdfTeX for LuaTeX (HO
)

(/usr/share/texlive/texmf-dist/tex/generic/oberdiek/ifluatex.sty
Package: ifluatex 2016/05/16 v1.4 Provides the ifluatex switch (HO)
Package ifluatex Info: LuaTeX not detected.
)
(/usr/share/texlive/texmf-dist/tex/generic/oberdiek/ifpdf.sty
Package: ifpdf 2016/05/14 v3.1 Provides the ifpdf switch
)
Package pdftexcmds Info: LuaTeX not detected.
Package pdftexcmds Info: \pdf@primitive is available.
Package pdftexcmds Info: \pdf@ifprimitive is available.
Package pdftexcmds Info: \pdfdraftmode found.
)
(/usr/share/texlive/texmf-dist/tex/latex/oberdiek/epstopdf-base.sty
Package: epstopdf-base 2016/05/15 v2.6 Base part for package epstopdf

(/usr/share/texlive/texmf-dist/tex/latex/oberdiek/grfext.sty
Package: grfext 2016/05/16 v1.2 Manage graphics extensions (HO)

(/usr/share/texlive/texmf-dist/tex/generic/oberdiek/kvdefinekeys.sty
Package: kvdefinekeys 2016/05/16 v1.4 Define keys (HO)
))
(/usr/share/texlive/texmf-dist/tex/latex/oberdiek/kvoptions.sty
Package: kvoptions 2016/05/16 v3.12 Key value format for package options (HO)

(/usr/share/texlive/texmf-dist/tex/generic/oberdiek/kvsetkeys.sty
Package: kvsetkeys 2016/05/16 v1.17 Key value parser (HO)

(/usr/share/texlive/texmf-dist/tex/generic/oberdiek/etexcmds.sty
Package: etexcmds 2016/05/16 v1.6 Avoid name clashes with e-TeX commands (HO)
Package etexcmds Info: Could not find \expanded.
(etexcmds)             That can mean that you are not using pdfTeX 1.50 or
(etexcmds)             that some package has redefined \expanded.
(etexcmds)             In the latter case, load this package earlier.
)))
Package epstopdf-base Info: Redefining graphics rule for `.eps' on input line 4
38.
Package grfext Info: Graphics extension search list:
(grfext)             [.png,.pdf,.jpg,.mps,.jpeg,.jbig2,.jb2,.PNG,.PDF,.JPG,.JPE
G,.JBIG2,.JB2,.eps]
(grfext)             \AppendGraphicsExtensions on input line 456.

(/usr/share/texlive/texmf-dist/tex/latex/latexconfig/epstopdf-sys.cfg
File: epstopdf-sys.cfg 2010/07/13 v1.3 Configuration of (r)epstopdf for TeX Liv
e
))
Package caption Info: Begin \AtBeginDocument code.
Package caption Info: float package is loaded.
Package caption Info: End \AtBeginDocument code.
LaTeX Font Info:    Try loading font information for U+msa on input line 14.

(/usr/share/texlive/texmf-dist/tex/latex/amsfonts/umsa.fd
File: umsa.fd 2013/01/14 v3.01 AMS symbols A
)
LaTeX Font Info:    Try loading font information for U+msb on input line 14.

(/usr/share/texlive/texmf-dist/tex/latex/amsfonts/umsb.fd
File: umsb.fd 2013/01/14 v3.01 AMS symbols B
) [1

{/usr/share/texlive/texmf-dist/fonts/map/pdftex/updmap/pdftex.map}]
LaTeX Font Info:    Try loading font information for OMS+cmr on input line 25.

(/usr/share/texlive/texmf-dist/tex/latex/base/omscmr.fd
File: omscmr.fd 2014/09/29 v2.5h Standard LaTeX font definitions
)
LaTeX Font Info:    Font shape `OMS/cmr/m/n' in size <10> not available
(Font)              Font shape `OMS/cmsy/m/n' tried instead on input line 25.
 [1]
<sinograms/Sinograms2.png, id=14, 1003.75pt x 807.015pt>
File: sinograms/Sinograms2.png Graphic file (type png)

<use sinograms/Sinograms2.png>
Package pdftex.def Info: sinograms/Sinograms2.png used on input line 61.
(pdftex.def)             Requested size: 379.5021pt x 305.11731pt.

Overfull \hbox (34.5021pt too wide) in paragraph at lines 61--62
 [][] 
 []

[2

 <./sinograms/Sinograms2.png (PNG copy)>]
<no0pad/slice1001.png, id=18, 429.10312pt x 310.91156pt>
File: no0pad/slice1001.png Graphic file (type png)

<use no0pad/slice1001.png>
Package pdftex.def Info: no0pad/slice1001.png used on input line 80.
(pdftex.def)             Requested size: 163.8771pt x 118.74062pt.

<no0pad/slice1025.png, id=19, 421.575pt x 316.18124pt>
File: no0pad/slice1025.png Graphic file (type png)

<use no0pad/slice1025.png>
Package pdftex.def Info: no0pad/slice1025.png used on input line 88.
(pdftex.def)             Requested size: 163.8771pt x 122.90974pt.

<no0pad/slice1050.png, id=20, 421.575pt x 316.18124pt>
File: no0pad/slice1050.png Graphic file (type png)

<use no0pad/slice1050.png>
Package pdftex.def Info: no0pad/slice1050.png used on input line 96.
(pdftex.def)             Requested size: 163.8771pt x 122.90974pt.

<no0pad/slice1100.png, id=21, 421.575pt x 316.18124pt>
File: no0pad/slice1100.png Graphic file (type png)

<use no0pad/slice1100.png>
Package pdftex.def Info: no0pad/slice1100.png used on input line 104.
(pdftex.def)             Requested size: 163.8771pt x 122.90974pt.
 [3

 <./no0pad/slice1001.png (PNG copy)> <./no0pad/slice1025.png (PNG copy)> <./no0
pad/slice1050.png (PNG copy)> <./no0pad/slice1100.png (PNG copy)>] <with0pad/sl
ice1001.png, id=25, 963.6pt x 681.29532pt>
File: with0pad/slice1001.png Graphic file (type png)

<use with0pad/slice1001.png>
Package pdftex.def Info: with0pad/slice1001.png used on input line 124.
(pdftex.def)             Requested size: 163.8771pt x 115.86024pt.

<with0pad/slice1025.png, id=26, 963.6pt x 681.29532pt>
File: with0pad/slice1025.png Graphic file (type png)

<use with0pad/slice1025.png>
Package pdftex.def Info: with0pad/slice1025.png used on input line 132.
(pdftex.def)             Requested size: 163.8771pt x 115.86024pt.

<with0pad/slice1050.png, id=27, 963.6pt x 681.29532pt>
File: with0pad/slice1050.png Graphic file (type png)

<use with0pad/slice1050.png>
Package pdftex.def Info: with0pad/slice1050.png used on input line 140.
(pdftex.def)             Requested size: 163.8771pt x 115.86024pt.

<with0pad/slice1100.png, id=28, 963.6pt x 681.29532pt>
File: with0pad/slice1100.png Graphic file (type png)

<use with0pad/slice1100.png>
Package pdftex.def Info: with0pad/slice1100.png used on input line 148.
(pdftex.def)             Requested size: 163.8771pt x 115.86024pt.
 [4

 <./with0pad/slice1001.png (PNG copy)> <./with0pad/slice1025.png (PNG copy)> <.
/with0pad/slice1050.png (PNG copy)> <./with0pad/slice1100.png (PNG copy)>]
<freq/zoomed/f001.png, id=34, 963.6pt x 701.62125pt>
File: freq/zoomed/f001.png Graphic file (type png)

<use freq/zoomed/f001.png>
Package pdftex.def Info: freq/zoomed/f001.png used on input line 170.
(pdftex.def)             Requested size: 163.8771pt x 119.31685pt.

<freq/zoomed/f005.png, id=35, 963.6pt x 701.62125pt>
File: freq/zoomed/f005.png Graphic file (type png)

<use freq/zoomed/f005.png>
Package pdftex.def Info: freq/zoomed/f005.png used on input line 177.
(pdftex.def)             Requested size: 163.8771pt x 119.31685pt.

<freq/zoomed/f007.png, id=36, 963.6pt x 701.62125pt>
File: freq/zoomed/f007.png Graphic file (type png)

<use freq/zoomed/f007.png>
Package pdftex.def Info: freq/zoomed/f007.png used on input line 184.
(pdftex.def)             Requested size: 163.8771pt x 119.31685pt.

<freq/zoomed/f010.png, id=37, 963.6pt x 701.62125pt>
File: freq/zoomed/f010.png Graphic file (type png)

<use freq/zoomed/f010.png>
Package pdftex.def Info: freq/zoomed/f010.png used on input line 191.
(pdftex.def)             Requested size: 163.8771pt x 119.31685pt.
 [5

 <./freq/zoomed/f001.png (PNG copy)> <./freq/zoomed/f005.png (PNG copy)> <./fre
q/zoomed/f007.png (PNG copy)> <./freq/zoomed/f010.png (PNG copy)>] <filters/non
e.png, id=42, 963.6pt x 701.62125pt>
File: filters/none.png Graphic file (type png)

<use filters/none.png>
Package pdftex.def Info: filters/none.png used on input line 210.
(pdftex.def)             Requested size: 163.8771pt x 119.31685pt.

<filters/ZOOMED/Hamming.png, id=43, 963.6pt x 701.62125pt>
File: filters/ZOOMED/Hamming.png Graphic file (type png)

<use filters/ZOOMED/Hamming.png>
Package pdftex.def Info: filters/ZOOMED/Hamming.png used on input line 217.
(pdftex.def)             Requested size: 163.8771pt x 119.31685pt.

<filters/ZOOMED/Hann.png, id=44, 963.6pt x 701.62125pt>
File: filters/ZOOMED/Hann.png Graphic file (type png)

<use filters/ZOOMED/Hann.png>
Package pdftex.def Info: filters/ZOOMED/Hann.png used on input line 224.
(pdftex.def)             Requested size: 163.8771pt x 119.31685pt.

<filters/ZOOMED/Cosine.png, id=45, 963.6pt x 701.62125pt>
File: filters/ZOOMED/Cosine.png Graphic file (type png)

<use filters/ZOOMED/Cosine.png>
Package pdftex.def Info: filters/ZOOMED/Cosine.png used on input line 231.
(pdftex.def)             Requested size: 163.8771pt x 119.31685pt.

<filters/ZOOMED/Ram-Lak.png, id=46, 963.6pt x 701.62125pt>
File: filters/ZOOMED/Ram-Lak.png Graphic file (type png)

<use filters/ZOOMED/Ram-Lak.png>
Package pdftex.def Info: filters/ZOOMED/Ram-Lak.png used on input line 239.
(pdftex.def)             Requested size: 163.8771pt x 119.31685pt.

<filters/ZOOMED/Shepp-Logan.png, id=47, 963.6pt x 701.62125pt>
File: filters/ZOOMED/Shepp-Logan.png Graphic file (type png)

<use filters/ZOOMED/Shepp-Logan.png>
Package pdftex.def Info: filters/ZOOMED/Shepp-Logan.png used on input line 246.

(pdftex.def)             Requested size: 163.8771pt x 119.31685pt.
 [6

 <./filters/none.png (PNG copy)> <./filters/ZOOMED/Hamming.png (PNG copy)> <./f
ilters/ZOOMED/Hann.png (PNG copy)> <./filters/ZOOMED/Cosine.png (PNG copy)> <./
filters/ZOOMED/Ram-Lak.png (PNG copy)> <./filters/ZOOMED/Shepp-Logan.png (PNG c
opy)>]
<interp/nearest.png, id=52, 963.6pt x 701.62125pt>
File: interp/nearest.png Graphic file (type png)
 <use interp/nearest.png>
Package pdftex.def Info: interp/nearest.png used on input line 266.
(pdftex.def)             Requested size: 163.8771pt x 119.31685pt.

<interp/linear.png, id=53, 963.6pt x 701.62125pt>
File: interp/linear.png Graphic file (type png)
 <use interp/linear.png>
Package pdftex.def Info: interp/linear.png used on input line 273.
(pdftex.def)             Requested size: 163.8771pt x 119.31685pt.

<interp/spline.png, id=54, 963.6pt x 701.62125pt>
File: interp/spline.png Graphic file (type png)
 <use interp/spline.png>
Package pdftex.def Info: interp/spline.png used on input line 280.
(pdftex.def)             Requested size: 163.8771pt x 119.31685pt.

<interp/pchip.png, id=55, 963.6pt x 701.62125pt>
File: interp/pchip.png Graphic file (type png)
 <use interp/pchip.png>
Package pdftex.def Info: interp/pchip.png used on input line 287.
(pdftex.def)             Requested size: 163.8771pt x 119.31685pt.

<interp/v5cubic.png, id=56, 963.6pt x 701.62125pt>
File: interp/v5cubic.png Graphic file (type png)
 <use interp/v5cubic.png>
Package pdftex.def Info: interp/v5cubic.png used on input line 295.
(pdftex.def)             Requested size: 163.8771pt x 119.31685pt.

[7

 <./interp/nearest.png (PNG copy)> <./interp/linear.png (PNG copy)> <./interp/s
pline.png (PNG copy)> <./interp/pchip.png (PNG copy)> <./interp/v5cubic.png (PN
G copy)>] <proj/2000.png, id=60, 963.6pt x 681.29532pt>
File: proj/2000.png Graphic file (type png)
 <use proj/2000.png>
Package pdftex.def Info: proj/2000.png used on input line 315.
(pdftex.def)             Requested size: 163.8771pt x 115.86024pt.

<proj/1000.png, id=61, 963.6pt x 681.29532pt>
File: proj/1000.png Graphic file (type png)
 <use proj/1000.png>
Package pdftex.def Info: proj/1000.png used on input line 322.
(pdftex.def)             Requested size: 163.8771pt x 115.86024pt.

<proj/400.png, id=62, 963.6pt x 681.29532pt>
File: proj/400.png Graphic file (type png)
 <use proj/400.png>
Package pdftex.def Info: proj/400.png used on input line 329.
(pdftex.def)             Requested size: 163.8771pt x 115.86024pt.

<proj/200.png, id=63, 963.6pt x 681.29532pt>
File: proj/200.png Graphic file (type png)
 <use proj/200.png>
Package pdftex.def Info: proj/200.png used on input line 336.
(pdftex.def)             Requested size: 163.8771pt x 115.86024pt.

<proj/100.png, id=64, 963.6pt x 681.29532pt>
File: proj/100.png Graphic file (type png)
 <use proj/100.png>
Package pdftex.def Info: proj/100.png used on input line 344.
(pdftex.def)             Requested size: 163.8771pt x 115.86024pt.

<proj/ZOOMED/2000.png, id=65, 963.6pt x 701.62125pt>
File: proj/ZOOMED/2000.png Graphic file (type png)

<use proj/ZOOMED/2000.png>
Package pdftex.def Info: proj/ZOOMED/2000.png used on input line 357.
(pdftex.def)             Requested size: 163.8771pt x 119.31685pt.

<proj/ZOOMED/1000.png, id=66, 963.6pt x 701.62125pt>
File: proj/ZOOMED/1000.png Graphic file (type png)

<use proj/ZOOMED/1000.png>
Package pdftex.def Info: proj/ZOOMED/1000.png used on input line 364.
(pdftex.def)             Requested size: 163.8771pt x 119.31685pt.
 <proj/ZOOMED/400.png, id=67, 963.6pt x 701.62125pt>
File: proj/ZOOMED/400.png Graphic file (type png)

<use proj/ZOOMED/400.png>
Package pdftex.def Info: proj/ZOOMED/400.png used on input line 371.
(pdftex.def)             Requested size: 163.8771pt x 119.31685pt.
 <proj/ZOOMED/200.png, id=68, 963.6pt x 701.62125pt>
File: proj/ZOOMED/200.png Graphic file (type png)

<use proj/ZOOMED/200.png>
Package pdftex.def Info: proj/ZOOMED/200.png used on input line 378.
(pdftex.def)             Requested size: 163.8771pt x 119.31685pt.
 <proj/ZOOMED/100.png, id=69, 963.6pt x 701.62125pt>
File: proj/ZOOMED/100.png Graphic file (type png)

<use proj/ZOOMED/100.png>
Package pdftex.def Info: proj/ZOOMED/100.png used on input line 386.
(pdftex.def)             Requested size: 163.8771pt x 119.31685pt.


LaTeX Warning: `!h' float specifier changed to `!ht'.

[8

 <./proj/2000.png (PNG copy)> <./proj/1000.png (PNG copy)> <./proj/400.png (PNG
 copy)> <./proj/200.png (PNG copy)> <./proj/100.png (PNG copy)>] [9 <./proj/ZOO
MED/2000.png (PNG copy)> <./proj/ZOOMED/1000.png (PNG copy)> <./proj/ZOOMED/400
.png (PNG copy)> <./proj/ZOOMED/200.png (PNG copy)> <./proj/ZOOMED/100.png (PNG
 copy)>] <sinograms/Slice1000.png, id=76, 876.27374pt x 821.0675pt>
File: sinograms/Slice1000.png Graphic file (type png)

<use sinograms/Slice1000.png>
Package pdftex.def Info: sinograms/Slice1000.png used on input line 401.
(pdftex.def)             Requested size: 345.0pt x 323.27199pt.

<sinograms/Slice1025.png, id=77, 881.2925pt x 831.105pt>
File: sinograms/Slice1025.png Graphic file (type png)

<use sinograms/Slice1025.png>
Package pdftex.def Info: sinograms/Slice1025.png used on input line 402.
(pdftex.def)             Requested size: 345.0pt x 325.34708pt.

<sinograms/Slice1050.png, id=78, 873.2625pt x 826.08624pt>
File: sinograms/Slice1050.png Graphic file (type png)

<use sinograms/Slice1050.png>
Package pdftex.def Info: sinograms/Slice1050.png used on input line 403.
(pdftex.def)             Requested size: 345.0pt x 326.35721pt.

<sinograms/Slice1100.png, id=79, 872.25874pt x 816.04875pt>
File: sinograms/Slice1100.png Graphic file (type png)

<use sinograms/Slice1100.png>
Package pdftex.def Info: sinograms/Slice1100.png used on input line 404.
(pdftex.def)             Requested size: 345.0pt x 322.76532pt.
 [10

]
Overfull \vbox (95.31345pt too high) has occurred while \output is active []


[11 <./sinograms/Slice1000.png (PNG copy)> <./sinograms/Slice1025.png (PNG copy
)>] [12 <./sinograms/Slice1050.png (PNG copy)>]
File: no0pad/slice1001.png Graphic file (type png)
 <use no0pad/slice1001.png>
Package pdftex.def Info: no0pad/slice1001.png used on input line 407.
(pdftex.def)             Requested size: 345.0pt x 249.97726pt.
File: no0pad/slice1025.png Graphic file (type png)

<use no0pad/slice1025.png>
Package pdftex.def Info: no0pad/slice1025.png used on input line 408.
(pdftex.def)             Requested size: 345.0pt x 258.75406pt.
File: no0pad/slice1050.png Graphic file (type png)
 <use no0pad/slice1050.png>
Package pdftex.def Info: no0pad/slice1050.png used on input line 409.
(pdftex.def)             Requested size: 345.0pt x 258.75406pt.
File: no0pad/slice1100.png Graphic file (type png)

<use no0pad/slice1100.png>
Package pdftex.def Info: no0pad/slice1100.png used on input line 410.
(pdftex.def)             Requested size: 345.0pt x 258.75406pt.
 [13 <./sinograms/Slice1100.png (PNG copy)>] [14]
[15] (./data_familiarization.aux)

LaTeX Warning: There were multiply-defined labels.

 ) 
Here is how much of TeX's memory you used:
 4227 strings out of 494946
 61178 string characters out of 6180981
 116383 words of memory out of 5000000
 7417 multiletter control sequences out of 15000+600000
 11802 words of font info for 46 fonts, out of 8000000 for 9000
 14 hyphenation exceptions out of 8191
 42i,7n,40p,495b,456s stack positions out of 5000i,500n,10000p,200000b,80000s
</usr/share/texlive/texmf-dist/fonts/type1/public/amsfonts/cm/cmbx10.pfb></us
r/share/texlive/texmf-dist/fonts/type1/public/amsfonts/cm/cmbx12.pfb></usr/shar
e/texlive/texmf-dist/fonts/type1/public/amsfonts/cm/cmmi10.pfb></usr/share/texl
ive/texmf-dist/fonts/type1/public/amsfonts/cm/cmr10.pfb></usr/share/texlive/tex
mf-dist/fonts/type1/public/amsfonts/cm/cmr12.pfb></usr/share/texlive/texmf-dist
/fonts/type1/public/amsfonts/cm/cmr17.pfb></usr/share/texlive/texmf-dist/fonts/
type1/public/amsfonts/cm/cmr9.pfb></usr/share/texlive/texmf-dist/fonts/type1/pu
blic/amsfonts/cm/cmsy10.pfb>
Output written on data_familiarization.pdf (16 pages, 8420915 bytes).
PDF statistics:
 126 PDF objects out of 1000 (max. 8388607)
 61 compressed objects within 1 object stream
 0 named destinations out of 1000 (max. 500000)
 191 words of extra memory for PDF output out of 10000 (max. 10000000)

